The system is: Linux - 6.1.45 - x86_64
Compiling the C compiler identification source file "CMakeCCompilerId.c" succeeded.
Compiler: /run/current-system/sw/bin/cc 
Build flags: 
Id flags:  

The output was:
0


Compilation of the C compiler identification source "CMakeCCompilerId.c" produced "a.out"

The C compiler identification is GNU, found in "/home/theo.crepin/epita_ani3d_lab_code/scenes_epita_ani3d/02_hierarchy/cmake-build-debug/CMakeFiles/3.19.7/CompilerIdC/a.out"

Compiling the CXX compiler identification source file "CMakeCXXCompilerId.cpp" succeeded.
Compiler: /run/current-system/sw/bin/c++ 
Build flags: 
Id flags:  

The output was:
0


Compilation of the CXX compiler identification source "CMakeCXXCompilerId.cpp" produced "a.out"

The CXX compiler identification is GNU, found in "/home/theo.crepin/epita_ani3d_lab_code/scenes_epita_ani3d/02_hierarchy/cmake-build-debug/CMakeFiles/3.19.7/CompilerIdCXX/a.out"

Detecting C compiler ABI info compiled with the following output:
Change Dir: /home/theo.crepin/epita_ani3d_lab_code/scenes_epita_ani3d/02_hierarchy/cmake-build-debug/CMakeFiles/CMakeTmp

Run Build Command(s):/run/current-system/sw/bin/make cmTC_94f6a/fast && /run/current-system/sw/bin/make  -f CMakeFiles/cmTC_94f6a.dir/build.make CMakeFiles/cmTC_94f6a.dir/build
make[1]: Entering directory '/home/theo.crepin/epita_ani3d_lab_code/scenes_epita_ani3d/02_hierarchy/cmake-build-debug/CMakeFiles/CMakeTmp'
Building C object CMakeFiles/cmTC_94f6a.dir/CMakeCCompilerABI.c.o
/run/current-system/sw/bin/cc   -v -o CMakeFiles/cmTC_94f6a.dir/CMakeCCompilerABI.c.o -c /nix/store/f9ph445ajlxijbhvcd7vjxyr7i5ahpfd-cmake-3.19.7/share/cmake-3.19/Modules/CMakeCCompilerABI.c
Using built-in specs.
COLLECT_GCC=/nix/store/b7hvml0m3qmqraz1022fwvyyg6fc1vdy-gcc-12.2.0/bin/gcc
Target: x86_64-unknown-linux-gnu
Configured with: 
Thread model: posix
Supported LTO compression algorithms: zlib
gcc version 12.2.0 (GCC) 
COLLECT_GCC_OPTIONS='-v' '-o' 'CMakeFiles/cmTC_94f6a.dir/CMakeCCompilerABI.c.o' '-c' '-B' '/nix/store/46m4xx889wlhsdj72j38fnlyyvvvvbyb-glibc-2.37-8/lib/' '-idirafter' '/nix/store/hkj250rjsvxcbr31fr1v81cv88cdfp4l-glibc-2.37-8-dev/include' '-idirafter' '/nix/store/b7hvml0m3qmqraz1022fwvyyg6fc1vdy-gcc-12.2.0/lib/gcc/x86_64-unknown-linux-gnu/12.2.0/include-fixed' '-B' '/nix/store/843dqq10jdkalr2yazaz6drx334visrb-gcc-12.2.0-lib/lib' '-B' '/nix/store/lcf37pgp3rgww67v9x2990hbfwx96c1w-gcc-wrapper-12.2.0/bin/' '-I' '/run/current-system/sw/include' '-mtune=generic' '-march=x86-64' '-dumpdir' 'CMakeFiles/cmTC_94f6a.dir/'
 /nix/store/b7hvml0m3qmqraz1022fwvyyg6fc1vdy-gcc-12.2.0/libexec/gcc/x86_64-unknown-linux-gnu/12.2.0/cc1 -quiet -v -I /run/current-system/sw/include -idirafter /nix/store/hkj250rjsvxcbr31fr1v81cv88cdfp4l-glibc-2.37-8-dev/include -idirafter /nix/store/b7hvml0m3qmqraz1022fwvyyg6fc1vdy-gcc-12.2.0/lib/gcc/x86_64-unknown-linux-gnu/12.2.0/include-fixed /nix/store/f9ph445ajlxijbhvcd7vjxyr7i5ahpfd-cmake-3.19.7/share/cmake-3.19/Modules/CMakeCCompilerABI.c -quiet -dumpdir CMakeFiles/cmTC_94f6a.dir/ -dumpbase CMakeCCompilerABI.c.c -dumpbase-ext .c -mtune=generic -march=x86-64 -version -o /tmp/ccQLF7FV.s
GNU C17 (GCC) version 12.2.0 (x86_64-unknown-linux-gnu)
	compiled by GNU C version 12.2.0, GMP version 6.2.1, MPFR version 4.2.0, MPC version 1.3.1, isl version isl-0.20-GMP

GGC heuristics: --param ggc-min-expand=100 --param ggc-min-heapsize=131072
ignoring nonexistent directory "/nix/store/b7hvml0m3qmqraz1022fwvyyg6fc1vdy-gcc-12.2.0/lib/gcc/x86_64-unknown-linux-gnu/12.2.0/../../../../x86_64-unknown-linux-gnu/include"
ignoring duplicate directory "/nix/store/hkj250rjsvxcbr31fr1v81cv88cdfp4l-glibc-2.37-8-dev/include"
ignoring duplicate directory "/nix/store/b7hvml0m3qmqraz1022fwvyyg6fc1vdy-gcc-12.2.0/lib/gcc/x86_64-unknown-linux-gnu/12.2.0/include-fixed"
#include "..." search starts here:
#include <...> search starts here:
 /run/current-system/sw/include
 /nix/store/b7hvml0m3qmqraz1022fwvyyg6fc1vdy-gcc-12.2.0/lib/gcc/x86_64-unknown-linux-gnu/12.2.0/include
 /nix/store/b7hvml0m3qmqraz1022fwvyyg6fc1vdy-gcc-12.2.0/include
 /nix/store/b7hvml0m3qmqraz1022fwvyyg6fc1vdy-gcc-12.2.0/lib/gcc/x86_64-unknown-linux-gnu/12.2.0/include-fixed
 /nix/store/hkj250rjsvxcbr31fr1v81cv88cdfp4l-glibc-2.37-8-dev/include
End of search list.
GNU C17 (GCC) version 12.2.0 (x86_64-unknown-linux-gnu)
	compiled by GNU C version 12.2.0, GMP version 6.2.1, MPFR version 4.2.0, MPC version 1.3.1, isl version isl-0.20-GMP

GGC heuristics: --param ggc-min-expand=100 --param ggc-min-heapsize=131072
Compiler executable checksum: 36cce6a841d7c2d760c3a9223a7d2b37
COLLECT_GCC_OPTIONS='-v' '-o' 'CMakeFiles/cmTC_94f6a.dir/CMakeCCompilerABI.c.o' '-c' '-B' '/nix/store/46m4xx889wlhsdj72j38fnlyyvvvvbyb-glibc-2.37-8/lib/' '-idirafter' '/nix/store/hkj250rjsvxcbr31fr1v81cv88cdfp4l-glibc-2.37-8-dev/include' '-idirafter' '/nix/store/b7hvml0m3qmqraz1022fwvyyg6fc1vdy-gcc-12.2.0/lib/gcc/x86_64-unknown-linux-gnu/12.2.0/include-fixed' '-B' '/nix/store/843dqq10jdkalr2yazaz6drx334visrb-gcc-12.2.0-lib/lib' '-B' '/nix/store/lcf37pgp3rgww67v9x2990hbfwx96c1w-gcc-wrapper-12.2.0/bin/' '-I' '/run/current-system/sw/include' '-mtune=generic' '-march=x86-64' '-dumpdir' 'CMakeFiles/cmTC_94f6a.dir/'
 /nix/store/lcf37pgp3rgww67v9x2990hbfwx96c1w-gcc-wrapper-12.2.0/bin/as -v -I /run/current-system/sw/include --64 -o CMakeFiles/cmTC_94f6a.dir/CMakeCCompilerABI.c.o /tmp/ccQLF7FV.s
GNU assembler version 2.40 (x86_64-unknown-linux-gnu) using BFD version (GNU Binutils) 2.40
COMPILER_PATH=/nix/store/46m4xx889wlhsdj72j38fnlyyvvvvbyb-glibc-2.37-8/lib/:/nix/store/843dqq10jdkalr2yazaz6drx334visrb-gcc-12.2.0-lib/lib/:/nix/store/lcf37pgp3rgww67v9x2990hbfwx96c1w-gcc-wrapper-12.2.0/bin/:/nix/store/b7hvml0m3qmqraz1022fwvyyg6fc1vdy-gcc-12.2.0/libexec/gcc/x86_64-unknown-linux-gnu/12.2.0/:/nix/store/b7hvml0m3qmqraz1022fwvyyg6fc1vdy-gcc-12.2.0/libexec/gcc/x86_64-unknown-linux-gnu/12.2.0/:/nix/store/b7hvml0m3qmqraz1022fwvyyg6fc1vdy-gcc-12.2.0/libexec/gcc/x86_64-unknown-linux-gnu/:/nix/store/b7hvml0m3qmqraz1022fwvyyg6fc1vdy-gcc-12.2.0/lib/gcc/x86_64-unknown-linux-gnu/12.2.0/:/nix/store/b7hvml0m3qmqraz1022fwvyyg6fc1vdy-gcc-12.2.0/lib/gcc/x86_64-unknown-linux-gnu/
LIBRARY_PATH=/nix/store/46m4xx889wlhsdj72j38fnlyyvvvvbyb-glibc-2.37-8/lib/:/nix/store/843dqq10jdkalr2yazaz6drx334visrb-gcc-12.2.0-lib/lib/:/nix/store/lcf37pgp3rgww67v9x2990hbfwx96c1w-gcc-wrapper-12.2.0/bin/:/nix/store/b7hvml0m3qmqraz1022fwvyyg6fc1vdy-gcc-12.2.0/lib/gcc/x86_64-unknown-linux-gnu/12.2.0/:/nix/store/b7hvml0m3qmqraz1022fwvyyg6fc1vdy-gcc-12.2.0/lib/gcc/x86_64-unknown-linux-gnu/12.2.0/../../../../lib64/:/nix/store/b7hvml0m3qmqraz1022fwvyyg6fc1vdy-gcc-12.2.0/lib/gcc/x86_64-unknown-linux-gnu/12.2.0/../../../
COLLECT_GCC_OPTIONS='-v' '-o' 'CMakeFiles/cmTC_94f6a.dir/CMakeCCompilerABI.c.o' '-c' '-B' '/nix/store/46m4xx889wlhsdj72j38fnlyyvvvvbyb-glibc-2.37-8/lib/' '-idirafter' '/nix/store/hkj250rjsvxcbr31fr1v81cv88cdfp4l-glibc-2.37-8-dev/include' '-idirafter' '/nix/store/b7hvml0m3qmqraz1022fwvyyg6fc1vdy-gcc-12.2.0/lib/gcc/x86_64-unknown-linux-gnu/12.2.0/include-fixed' '-B' '/nix/store/843dqq10jdkalr2yazaz6drx334visrb-gcc-12.2.0-lib/lib' '-B' '/nix/store/lcf37pgp3rgww67v9x2990hbfwx96c1w-gcc-wrapper-12.2.0/bin/' '-I' '/run/current-system/sw/include' '-mtune=generic' '-march=x86-64' '-dumpdir' 'CMakeFiles/cmTC_94f6a.dir/CMakeCCompilerABI.c.'
Linking C executable cmTC_94f6a
/nix/store/f9ph445ajlxijbhvcd7vjxyr7i5ahpfd-cmake-3.19.7/bin/cmake -E cmake_link_script CMakeFiles/cmTC_94f6a.dir/link.txt --verbose=1
/run/current-system/sw/bin/cc  -v CMakeFiles/cmTC_94f6a.dir/CMakeCCompilerABI.c.o -o cmTC_94f6a 
Using built-in specs.
COLLECT_GCC=/nix/store/b7hvml0m3qmqraz1022fwvyyg6fc1vdy-gcc-12.2.0/bin/gcc
COLLECT_LTO_WRAPPER=/nix/store/b7hvml0m3qmqraz1022fwvyyg6fc1vdy-gcc-12.2.0/libexec/gcc/x86_64-unknown-linux-gnu/12.2.0/lto-wrapper
Target: x86_64-unknown-linux-gnu
Configured with: 
Thread model: posix
Supported LTO compression algorithms: zlib
gcc version 12.2.0 (GCC) 
COMPILER_PATH=/nix/store/46m4xx889wlhsdj72j38fnlyyvvvvbyb-glibc-2.37-8/lib/:/nix/store/843dqq10jdkalr2yazaz6drx334visrb-gcc-12.2.0-lib/lib/:/nix/store/lcf37pgp3rgww67v9x2990hbfwx96c1w-gcc-wrapper-12.2.0/bin/:/nix/store/b7hvml0m3qmqraz1022fwvyyg6fc1vdy-gcc-12.2.0/libexec/gcc/x86_64-unknown-linux-gnu/12.2.0/:/nix/store/b7hvml0m3qmqraz1022fwvyyg6fc1vdy-gcc-12.2.0/libexec/gcc/x86_64-unknown-linux-gnu/12.2.0/:/nix/store/b7hvml0m3qmqraz1022fwvyyg6fc1vdy-gcc-12.2.0/libexec/gcc/x86_64-unknown-linux-gnu/:/nix/store/b7hvml0m3qmqraz1022fwvyyg6fc1vdy-gcc-12.2.0/lib/gcc/x86_64-unknown-linux-gnu/12.2.0/:/nix/store/b7hvml0m3qmqraz1022fwvyyg6fc1vdy-gcc-12.2.0/lib/gcc/x86_64-unknown-linux-gnu/
LIBRARY_PATH=/nix/store/46m4xx889wlhsdj72j38fnlyyvvvvbyb-glibc-2.37-8/lib/:/nix/store/843dqq10jdkalr2yazaz6drx334visrb-gcc-12.2.0-lib/lib/:/nix/store/lcf37pgp3rgww67v9x2990hbfwx96c1w-gcc-wrapper-12.2.0/bin/:/nix/store/b7hvml0m3qmqraz1022fwvyyg6fc1vdy-gcc-12.2.0/lib/gcc/x86_64-unknown-linux-gnu/12.2.0/:/nix/store/b7hvml0m3qmqraz1022fwvyyg6fc1vdy-gcc-12.2.0/lib/gcc/x86_64-unknown-linux-gnu/12.2.0/../../../../lib64/:/nix/store/b7hvml0m3qmqraz1022fwvyyg6fc1vdy-gcc-12.2.0/lib/gcc/x86_64-unknown-linux-gnu/12.2.0/../../../
COLLECT_GCC_OPTIONS='-v' '-o' 'cmTC_94f6a' '-B' '/nix/store/46m4xx889wlhsdj72j38fnlyyvvvvbyb-glibc-2.37-8/lib/' '-idirafter' '/nix/store/hkj250rjsvxcbr31fr1v81cv88cdfp4l-glibc-2.37-8-dev/include' '-idirafter' '/nix/store/b7hvml0m3qmqraz1022fwvyyg6fc1vdy-gcc-12.2.0/lib/gcc/x86_64-unknown-linux-gnu/12.2.0/include-fixed' '-B' '/nix/store/843dqq10jdkalr2yazaz6drx334visrb-gcc-12.2.0-lib/lib' '-B' '/nix/store/lcf37pgp3rgww67v9x2990hbfwx96c1w-gcc-wrapper-12.2.0/bin/' '-I' '/run/current-system/sw/include' '-L/run/current-system/sw/lib' '-L/nix/store/46m4xx889wlhsdj72j38fnlyyvvvvbyb-glibc-2.37-8/lib' '-L/nix/store/b7hvml0m3qmqraz1022fwvyyg6fc1vdy-gcc-12.2.0/lib/gcc/x86_64-unknown-linux-gnu/12.2.0' '-L/nix/store/843dqq10jdkalr2yazaz6drx334visrb-gcc-12.2.0-lib/x86_64-unknown-linux-gnu/lib' '-L/nix/store/843dqq10jdkalr2yazaz6drx334visrb-gcc-12.2.0-lib/lib' '-mtune=generic' '-march=x86-64' '-dumpdir' 'cmTC_94f6a.'
 /nix/store/b7hvml0m3qmqraz1022fwvyyg6fc1vdy-gcc-12.2.0/libexec/gcc/x86_64-unknown-linux-gnu/12.2.0/collect2 -plugin /nix/store/b7hvml0m3qmqraz1022fwvyyg6fc1vdy-gcc-12.2.0/libexec/gcc/x86_64-unknown-linux-gnu/12.2.0/liblto_plugin.so -plugin-opt=/nix/store/b7hvml0m3qmqraz1022fwvyyg6fc1vdy-gcc-12.2.0/libexec/gcc/x86_64-unknown-linux-gnu/12.2.0/lto-wrapper -plugin-opt=-fresolution=/tmp/ccRrayPZ.res -plugin-opt=-pass-through=-lgcc -plugin-opt=-pass-through=-lgcc_s -plugin-opt=-pass-through=-lc -plugin-opt=-pass-through=-lgcc -plugin-opt=-pass-through=-lgcc_s --eh-frame-hdr -m elf_x86_64 -dynamic-linker /nix/store/46m4xx889wlhsdj72j38fnlyyvvvvbyb-glibc-2.37-8/lib64/ld-linux-x86-64.so.2 -o cmTC_94f6a /nix/store/46m4xx889wlhsdj72j38fnlyyvvvvbyb-glibc-2.37-8/lib/crt1.o /nix/store/46m4xx889wlhsdj72j38fnlyyvvvvbyb-glibc-2.37-8/lib/crti.o /nix/store/b7hvml0m3qmqraz1022fwvyyg6fc1vdy-gcc-12.2.0/lib/gcc/x86_64-unknown-linux-gnu/12.2.0/crtbegin.o -L/run/current-system/sw/lib -L/nix/store/46m4xx889wlhsdj72j38fnlyyvvvvbyb-glibc-2.37-8/lib -L/nix/store/b7hvml0m3qmqraz1022fwvyyg6fc1vdy-gcc-12.2.0/lib/gcc/x86_64-unknown-linux-gnu/12.2.0 -L/nix/store/843dqq10jdkalr2yazaz6drx334visrb-gcc-12.2.0-lib/x86_64-unknown-linux-gnu/lib -L/nix/store/843dqq10jdkalr2yazaz6drx334visrb-gcc-12.2.0-lib/lib -L/nix/store/46m4xx889wlhsdj72j38fnlyyvvvvbyb-glibc-2.37-8/lib -L/nix/store/843dqq10jdkalr2yazaz6drx334visrb-gcc-12.2.0-lib/lib -L/nix/store/lcf37pgp3rgww67v9x2990hbfwx96c1w-gcc-wrapper-12.2.0/bin -L/nix/store/b7hvml0m3qmqraz1022fwvyyg6fc1vdy-gcc-12.2.0/lib/gcc/x86_64-unknown-linux-gnu/12.2.0 -L/nix/store/b7hvml0m3qmqraz1022fwvyyg6fc1vdy-gcc-12.2.0/lib/gcc/x86_64-unknown-linux-gnu/12.2.0/../../../../lib64 -L/nix/store/b7hvml0m3qmqraz1022fwvyyg6fc1vdy-gcc-12.2.0/lib/gcc/x86_64-unknown-linux-gnu/12.2.0/../../.. -dynamic-linker=/nix/store/46m4xx889wlhsdj72j38fnlyyvvvvbyb-glibc-2.37-8/lib/ld-linux-x86-64.so.2 CMakeFiles/cmTC_94f6a.dir/CMakeCCompilerABI.c.o -lgcc --push-state --as-needed -lgcc_s --pop-state -lc -lgcc --push-state --as-needed -lgcc_s --pop-state /nix/store/b7hvml0m3qmqraz1022fwvyyg6fc1vdy-gcc-12.2.0/lib/gcc/x86_64-unknown-linux-gnu/12.2.0/crtend.o /nix/store/46m4xx889wlhsdj72j38fnlyyvvvvbyb-glibc-2.37-8/lib/crtn.o
COLLECT_GCC_OPTIONS='-v' '-o' 'cmTC_94f6a' '-B' '/nix/store/46m4xx889wlhsdj72j38fnlyyvvvvbyb-glibc-2.37-8/lib/' '-idirafter' '/nix/store/hkj250rjsvxcbr31fr1v81cv88cdfp4l-glibc-2.37-8-dev/include' '-idirafter' '/nix/store/b7hvml0m3qmqraz1022fwvyyg6fc1vdy-gcc-12.2.0/lib/gcc/x86_64-unknown-linux-gnu/12.2.0/include-fixed' '-B' '/nix/store/843dqq10jdkalr2yazaz6drx334visrb-gcc-12.2.0-lib/lib' '-B' '/nix/store/lcf37pgp3rgww67v9x2990hbfwx96c1w-gcc-wrapper-12.2.0/bin/' '-I' '/run/current-system/sw/include' '-L/run/current-system/sw/lib' '-L/nix/store/46m4xx889wlhsdj72j38fnlyyvvvvbyb-glibc-2.37-8/lib' '-L/nix/store/b7hvml0m3qmqraz1022fwvyyg6fc1vdy-gcc-12.2.0/lib/gcc/x86_64-unknown-linux-gnu/12.2.0' '-L/nix/store/843dqq10jdkalr2yazaz6drx334visrb-gcc-12.2.0-lib/x86_64-unknown-linux-gnu/lib' '-L/nix/store/843dqq10jdkalr2yazaz6drx334visrb-gcc-12.2.0-lib/lib' '-mtune=generic' '-march=x86-64' '-dumpdir' 'cmTC_94f6a.'
make[1]: Leaving directory '/home/theo.crepin/epita_ani3d_lab_code/scenes_epita_ani3d/02_hierarchy/cmake-build-debug/CMakeFiles/CMakeTmp'



Parsed C implicit include dir info from above output: rv=done
  found start of include info
  found start of implicit include info
    add: [/run/current-system/sw/include]
    add: [/nix/store/b7hvml0m3qmqraz1022fwvyyg6fc1vdy-gcc-12.2.0/lib/gcc/x86_64-unknown-linux-gnu/12.2.0/include]
    add: [/nix/store/b7hvml0m3qmqraz1022fwvyyg6fc1vdy-gcc-12.2.0/include]
    add: [/nix/store/b7hvml0m3qmqraz1022fwvyyg6fc1vdy-gcc-12.2.0/lib/gcc/x86_64-unknown-linux-gnu/12.2.0/include-fixed]
    add: [/nix/store/hkj250rjsvxcbr31fr1v81cv88cdfp4l-glibc-2.37-8-dev/include]
  end of search list found
  collapse include dir [/run/current-system/sw/include] ==> [/run/current-system/sw/include]
  collapse include dir [/nix/store/b7hvml0m3qmqraz1022fwvyyg6fc1vdy-gcc-12.2.0/lib/gcc/x86_64-unknown-linux-gnu/12.2.0/include] ==> [/nix/store/b7hvml0m3qmqraz1022fwvyyg6fc1vdy-gcc-12.2.0/lib/gcc/x86_64-unknown-linux-gnu/12.2.0/include]
  collapse include dir [/nix/store/b7hvml0m3qmqraz1022fwvyyg6fc1vdy-gcc-12.2.0/include] ==> [/nix/store/b7hvml0m3qmqraz1022fwvyyg6fc1vdy-gcc-12.2.0/include]
  collapse include dir [/nix/store/b7hvml0m3qmqraz1022fwvyyg6fc1vdy-gcc-12.2.0/lib/gcc/x86_64-unknown-linux-gnu/12.2.0/include-fixed] ==> [/nix/store/b7hvml0m3qmqraz1022fwvyyg6fc1vdy-gcc-12.2.0/lib/gcc/x86_64-unknown-linux-gnu/12.2.0/include-fixed]
  collapse include dir [/nix/store/hkj250rjsvxcbr31fr1v81cv88cdfp4l-glibc-2.37-8-dev/include] ==> [/nix/store/hkj250rjsvxcbr31fr1v81cv88cdfp4l-glibc-2.37-8-dev/include]
  implicit include dirs: [/run/current-system/sw/include;/nix/store/b7hvml0m3qmqraz1022fwvyyg6fc1vdy-gcc-12.2.0/lib/gcc/x86_64-unknown-linux-gnu/12.2.0/include;/nix/store/b7hvml0m3qmqraz1022fwvyyg6fc1vdy-gcc-12.2.0/include;/nix/store/b7hvml0m3qmqraz1022fwvyyg6fc1vdy-gcc-12.2.0/lib/gcc/x86_64-unknown-linux-gnu/12.2.0/include-fixed;/nix/store/hkj250rjsvxcbr31fr1v81cv88cdfp4l-glibc-2.37-8-dev/include]


Parsed C implicit link information from above output:
  link line regex: [^( *|.*[/\])(ld|CMAKE_LINK_STARTFILE-NOTFOUND|([^/\]+-)?ld|collect2)[^/\]*( |$)]
  ignore line: [Change Dir: /home/theo.crepin/epita_ani3d_lab_code/scenes_epita_ani3d/02_hierarchy/cmake-build-debug/CMakeFiles/CMakeTmp]
  ignore line: []
  ignore line: [Run Build Command(s):/run/current-system/sw/bin/make cmTC_94f6a/fast && /run/current-system/sw/bin/make  -f CMakeFiles/cmTC_94f6a.dir/build.make CMakeFiles/cmTC_94f6a.dir/build]
  ignore line: [make[1]: Entering directory '/home/theo.crepin/epita_ani3d_lab_code/scenes_epita_ani3d/02_hierarchy/cmake-build-debug/CMakeFiles/CMakeTmp']
  ignore line: [Building C object CMakeFiles/cmTC_94f6a.dir/CMakeCCompilerABI.c.o]
  ignore line: [/run/current-system/sw/bin/cc   -v -o CMakeFiles/cmTC_94f6a.dir/CMakeCCompilerABI.c.o -c /nix/store/f9ph445ajlxijbhvcd7vjxyr7i5ahpfd-cmake-3.19.7/share/cmake-3.19/Modules/CMakeCCompilerABI.c]
  ignore line: [Using built-in specs.]
  ignore line: [COLLECT_GCC=/nix/store/b7hvml0m3qmqraz1022fwvyyg6fc1vdy-gcc-12.2.0/bin/gcc]
  ignore line: [Target: x86_64-unknown-linux-gnu]
  ignore line: [Configured with: ]
  ignore line: [Thread model: posix]
  ignore line: [Supported LTO compression algorithms: zlib]
  ignore line: [gcc version 12.2.0 (GCC) ]
  ignore line: [COLLECT_GCC_OPTIONS='-v' '-o' 'CMakeFiles/cmTC_94f6a.dir/CMakeCCompilerABI.c.o' '-c' '-B' '/nix/store/46m4xx889wlhsdj72j38fnlyyvvvvbyb-glibc-2.37-8/lib/' '-idirafter' '/nix/store/hkj250rjsvxcbr31fr1v81cv88cdfp4l-glibc-2.37-8-dev/include' '-idirafter' '/nix/store/b7hvml0m3qmqraz1022fwvyyg6fc1vdy-gcc-12.2.0/lib/gcc/x86_64-unknown-linux-gnu/12.2.0/include-fixed' '-B' '/nix/store/843dqq10jdkalr2yazaz6drx334visrb-gcc-12.2.0-lib/lib' '-B' '/nix/store/lcf37pgp3rgww67v9x2990hbfwx96c1w-gcc-wrapper-12.2.0/bin/' '-I' '/run/current-system/sw/include' '-mtune=generic' '-march=x86-64' '-dumpdir' 'CMakeFiles/cmTC_94f6a.dir/']
  ignore line: [ /nix/store/b7hvml0m3qmqraz1022fwvyyg6fc1vdy-gcc-12.2.0/libexec/gcc/x86_64-unknown-linux-gnu/12.2.0/cc1 -quiet -v -I /run/current-system/sw/include -idirafter /nix/store/hkj250rjsvxcbr31fr1v81cv88cdfp4l-glibc-2.37-8-dev/include -idirafter /nix/store/b7hvml0m3qmqraz1022fwvyyg6fc1vdy-gcc-12.2.0/lib/gcc/x86_64-unknown-linux-gnu/12.2.0/include-fixed /nix/store/f9ph445ajlxijbhvcd7vjxyr7i5ahpfd-cmake-3.19.7/share/cmake-3.19/Modules/CMakeCCompilerABI.c -quiet -dumpdir CMakeFiles/cmTC_94f6a.dir/ -dumpbase CMakeCCompilerABI.c.c -dumpbase-ext .c -mtune=generic -march=x86-64 -version -o /tmp/ccQLF7FV.s]
  ignore line: [GNU C17 (GCC) version 12.2.0 (x86_64-unknown-linux-gnu)]
  ignore line: [	compiled by GNU C version 12.2.0  GMP version 6.2.1  MPFR version 4.2.0  MPC version 1.3.1  isl version isl-0.20-GMP]
  ignore line: []
  ignore line: [GGC heuristics: --param ggc-min-expand=100 --param ggc-min-heapsize=131072]
  ignore line: [ignoring nonexistent directory "/nix/store/b7hvml0m3qmqraz1022fwvyyg6fc1vdy-gcc-12.2.0/lib/gcc/x86_64-unknown-linux-gnu/12.2.0/../../../../x86_64-unknown-linux-gnu/include"]
  ignore line: [ignoring duplicate directory "/nix/store/hkj250rjsvxcbr31fr1v81cv88cdfp4l-glibc-2.37-8-dev/include"]
  ignore line: [ignoring duplicate directory "/nix/store/b7hvml0m3qmqraz1022fwvyyg6fc1vdy-gcc-12.2.0/lib/gcc/x86_64-unknown-linux-gnu/12.2.0/include-fixed"]
  ignore line: [#include "..." search starts here:]
  ignore line: [#include <...> search starts here:]
  ignore line: [ /run/current-system/sw/include]
  ignore line: [ /nix/store/b7hvml0m3qmqraz1022fwvyyg6fc1vdy-gcc-12.2.0/lib/gcc/x86_64-unknown-linux-gnu/12.2.0/include]
  ignore line: [ /nix/store/b7hvml0m3qmqraz1022fwvyyg6fc1vdy-gcc-12.2.0/include]
  ignore line: [ /nix/store/b7hvml0m3qmqraz1022fwvyyg6fc1vdy-gcc-12.2.0/lib/gcc/x86_64-unknown-linux-gnu/12.2.0/include-fixed]
  ignore line: [ /nix/store/hkj250rjsvxcbr31fr1v81cv88cdfp4l-glibc-2.37-8-dev/include]
  ignore line: [End of search list.]
  ignore line: [GNU C17 (GCC) version 12.2.0 (x86_64-unknown-linux-gnu)]
  ignore line: [	compiled by GNU C version 12.2.0  GMP version 6.2.1  MPFR version 4.2.0  MPC version 1.3.1  isl version isl-0.20-GMP]
  ignore line: []
  ignore line: [GGC heuristics: --param ggc-min-expand=100 --param ggc-min-heapsize=131072]
  ignore line: [Compiler executable checksum: 36cce6a841d7c2d760c3a9223a7d2b37]
  ignore line: [COLLECT_GCC_OPTIONS='-v' '-o' 'CMakeFiles/cmTC_94f6a.dir/CMakeCCompilerABI.c.o' '-c' '-B' '/nix/store/46m4xx889wlhsdj72j38fnlyyvvvvbyb-glibc-2.37-8/lib/' '-idirafter' '/nix/store/hkj250rjsvxcbr31fr1v81cv88cdfp4l-glibc-2.37-8-dev/include' '-idirafter' '/nix/store/b7hvml0m3qmqraz1022fwvyyg6fc1vdy-gcc-12.2.0/lib/gcc/x86_64-unknown-linux-gnu/12.2.0/include-fixed' '-B' '/nix/store/843dqq10jdkalr2yazaz6drx334visrb-gcc-12.2.0-lib/lib' '-B' '/nix/store/lcf37pgp3rgww67v9x2990hbfwx96c1w-gcc-wrapper-12.2.0/bin/' '-I' '/run/current-system/sw/include' '-mtune=generic' '-march=x86-64' '-dumpdir' 'CMakeFiles/cmTC_94f6a.dir/']
  ignore line: [ /nix/store/lcf37pgp3rgww67v9x2990hbfwx96c1w-gcc-wrapper-12.2.0/bin/as -v -I /run/current-system/sw/include --64 -o CMakeFiles/cmTC_94f6a.dir/CMakeCCompilerABI.c.o /tmp/ccQLF7FV.s]
  ignore line: [GNU assembler version 2.40 (x86_64-unknown-linux-gnu) using BFD version (GNU Binutils) 2.40]
  ignore line: [COMPILER_PATH=/nix/store/46m4xx889wlhsdj72j38fnlyyvvvvbyb-glibc-2.37-8/lib/:/nix/store/843dqq10jdkalr2yazaz6drx334visrb-gcc-12.2.0-lib/lib/:/nix/store/lcf37pgp3rgww67v9x2990hbfwx96c1w-gcc-wrapper-12.2.0/bin/:/nix/store/b7hvml0m3qmqraz1022fwvyyg6fc1vdy-gcc-12.2.0/libexec/gcc/x86_64-unknown-linux-gnu/12.2.0/:/nix/store/b7hvml0m3qmqraz1022fwvyyg6fc1vdy-gcc-12.2.0/libexec/gcc/x86_64-unknown-linux-gnu/12.2.0/:/nix/store/b7hvml0m3qmqraz1022fwvyyg6fc1vdy-gcc-12.2.0/libexec/gcc/x86_64-unknown-linux-gnu/:/nix/store/b7hvml0m3qmqraz1022fwvyyg6fc1vdy-gcc-12.2.0/lib/gcc/x86_64-unknown-linux-gnu/12.2.0/:/nix/store/b7hvml0m3qmqraz1022fwvyyg6fc1vdy-gcc-12.2.0/lib/gcc/x86_64-unknown-linux-gnu/]
  ignore line: [LIBRARY_PATH=/nix/store/46m4xx889wlhsdj72j38fnlyyvvvvbyb-glibc-2.37-8/lib/:/nix/store/843dqq10jdkalr2yazaz6drx334visrb-gcc-12.2.0-lib/lib/:/nix/store/lcf37pgp3rgww67v9x2990hbfwx96c1w-gcc-wrapper-12.2.0/bin/:/nix/store/b7hvml0m3qmqraz1022fwvyyg6fc1vdy-gcc-12.2.0/lib/gcc/x86_64-unknown-linux-gnu/12.2.0/:/nix/store/b7hvml0m3qmqraz1022fwvyyg6fc1vdy-gcc-12.2.0/lib/gcc/x86_64-unknown-linux-gnu/12.2.0/../../../../lib64/:/nix/store/b7hvml0m3qmqraz1022fwvyyg6fc1vdy-gcc-12.2.0/lib/gcc/x86_64-unknown-linux-gnu/12.2.0/../../../]
  ignore line: [COLLECT_GCC_OPTIONS='-v' '-o' 'CMakeFiles/cmTC_94f6a.dir/CMakeCCompilerABI.c.o' '-c' '-B' '/nix/store/46m4xx889wlhsdj72j38fnlyyvvvvbyb-glibc-2.37-8/lib/' '-idirafter' '/nix/store/hkj250rjsvxcbr31fr1v81cv88cdfp4l-glibc-2.37-8-dev/include' '-idirafter' '/nix/store/b7hvml0m3qmqraz1022fwvyyg6fc1vdy-gcc-12.2.0/lib/gcc/x86_64-unknown-linux-gnu/12.2.0/include-fixed' '-B' '/nix/store/843dqq10jdkalr2yazaz6drx334visrb-gcc-12.2.0-lib/lib' '-B' '/nix/store/lcf37pgp3rgww67v9x2990hbfwx96c1w-gcc-wrapper-12.2.0/bin/' '-I' '/run/current-system/sw/include' '-mtune=generic' '-march=x86-64' '-dumpdir' 'CMakeFiles/cmTC_94f6a.dir/CMakeCCompilerABI.c.']
  ignore line: [Linking C executable cmTC_94f6a]
  ignore line: [/nix/store/f9ph445ajlxijbhvcd7vjxyr7i5ahpfd-cmake-3.19.7/bin/cmake -E cmake_link_script CMakeFiles/cmTC_94f6a.dir/link.txt --verbose=1]
  ignore line: [/run/current-system/sw/bin/cc  -v CMakeFiles/cmTC_94f6a.dir/CMakeCCompilerABI.c.o -o cmTC_94f6a ]
  ignore line: [Using built-in specs.]
  ignore line: [COLLECT_GCC=/nix/store/b7hvml0m3qmqraz1022fwvyyg6fc1vdy-gcc-12.2.0/bin/gcc]
  ignore line: [COLLECT_LTO_WRAPPER=/nix/store/b7hvml0m3qmqraz1022fwvyyg6fc1vdy-gcc-12.2.0/libexec/gcc/x86_64-unknown-linux-gnu/12.2.0/lto-wrapper]
  ignore line: [Target: x86_64-unknown-linux-gnu]
  ignore line: [Configured with: ]
  ignore line: [Thread model: posix]
  ignore line: [Supported LTO compression algorithms: zlib]
  ignore line: [gcc version 12.2.0 (GCC) ]
  ignore line: [COMPILER_PATH=/nix/store/46m4xx889wlhsdj72j38fnlyyvvvvbyb-glibc-2.37-8/lib/:/nix/store/843dqq10jdkalr2yazaz6drx334visrb-gcc-12.2.0-lib/lib/:/nix/store/lcf37pgp3rgww67v9x2990hbfwx96c1w-gcc-wrapper-12.2.0/bin/:/nix/store/b7hvml0m3qmqraz1022fwvyyg6fc1vdy-gcc-12.2.0/libexec/gcc/x86_64-unknown-linux-gnu/12.2.0/:/nix/store/b7hvml0m3qmqraz1022fwvyyg6fc1vdy-gcc-12.2.0/libexec/gcc/x86_64-unknown-linux-gnu/12.2.0/:/nix/store/b7hvml0m3qmqraz1022fwvyyg6fc1vdy-gcc-12.2.0/libexec/gcc/x86_64-unknown-linux-gnu/:/nix/store/b7hvml0m3qmqraz1022fwvyyg6fc1vdy-gcc-12.2.0/lib/gcc/x86_64-unknown-linux-gnu/12.2.0/:/nix/store/b7hvml0m3qmqraz1022fwvyyg6fc1vdy-gcc-12.2.0/lib/gcc/x86_64-unknown-linux-gnu/]
  ignore line: [LIBRARY_PATH=/nix/store/46m4xx889wlhsdj72j38fnlyyvvvvbyb-glibc-2.37-8/lib/:/nix/store/843dqq10jdkalr2yazaz6drx334visrb-gcc-12.2.0-lib/lib/:/nix/store/lcf37pgp3rgww67v9x2990hbfwx96c1w-gcc-wrapper-12.2.0/bin/:/nix/store/b7hvml0m3qmqraz1022fwvyyg6fc1vdy-gcc-12.2.0/lib/gcc/x86_64-unknown-linux-gnu/12.2.0/:/nix/store/b7hvml0m3qmqraz1022fwvyyg6fc1vdy-gcc-12.2.0/lib/gcc/x86_64-unknown-linux-gnu/12.2.0/../../../../lib64/:/nix/store/b7hvml0m3qmqraz1022fwvyyg6fc1vdy-gcc-12.2.0/lib/gcc/x86_64-unknown-linux-gnu/12.2.0/../../../]
  ignore line: [COLLECT_GCC_OPTIONS='-v' '-o' 'cmTC_94f6a' '-B' '/nix/store/46m4xx889wlhsdj72j38fnlyyvvvvbyb-glibc-2.37-8/lib/' '-idirafter' '/nix/store/hkj250rjsvxcbr31fr1v81cv88cdfp4l-glibc-2.37-8-dev/include' '-idirafter' '/nix/store/b7hvml0m3qmqraz1022fwvyyg6fc1vdy-gcc-12.2.0/lib/gcc/x86_64-unknown-linux-gnu/12.2.0/include-fixed' '-B' '/nix/store/843dqq10jdkalr2yazaz6drx334visrb-gcc-12.2.0-lib/lib' '-B' '/nix/store/lcf37pgp3rgww67v9x2990hbfwx96c1w-gcc-wrapper-12.2.0/bin/' '-I' '/run/current-system/sw/include' '-L/run/current-system/sw/lib' '-L/nix/store/46m4xx889wlhsdj72j38fnlyyvvvvbyb-glibc-2.37-8/lib' '-L/nix/store/b7hvml0m3qmqraz1022fwvyyg6fc1vdy-gcc-12.2.0/lib/gcc/x86_64-unknown-linux-gnu/12.2.0' '-L/nix/store/843dqq10jdkalr2yazaz6drx334visrb-gcc-12.2.0-lib/x86_64-unknown-linux-gnu/lib' '-L/nix/store/843dqq10jdkalr2yazaz6drx334visrb-gcc-12.2.0-lib/lib' '-mtune=generic' '-march=x86-64' '-dumpdir' 'cmTC_94f6a.']
  link line: [ /nix/store/b7hvml0m3qmqraz1022fwvyyg6fc1vdy-gcc-12.2.0/libexec/gcc/x86_64-unknown-linux-gnu/12.2.0/collect2 -plugin /nix/store/b7hvml0m3qmqraz1022fwvyyg6fc1vdy-gcc-12.2.0/libexec/gcc/x86_64-unknown-linux-gnu/12.2.0/liblto_plugin.so -plugin-opt=/nix/store/b7hvml0m3qmqraz1022fwvyyg6fc1vdy-gcc-12.2.0/libexec/gcc/x86_64-unknown-linux-gnu/12.2.0/lto-wrapper -plugin-opt=-fresolution=/tmp/ccRrayPZ.res -plugin-opt=-pass-through=-lgcc -plugin-opt=-pass-through=-lgcc_s -plugin-opt=-pass-through=-lc -plugin-opt=-pass-through=-lgcc -plugin-opt=-pass-through=-lgcc_s --eh-frame-hdr -m elf_x86_64 -dynamic-linker /nix/store/46m4xx889wlhsdj72j38fnlyyvvvvbyb-glibc-2.37-8/lib64/ld-linux-x86-64.so.2 -o cmTC_94f6a /nix/store/46m4xx889wlhsdj72j38fnlyyvvvvbyb-glibc-2.37-8/lib/crt1.o /nix/store/46m4xx889wlhsdj72j38fnlyyvvvvbyb-glibc-2.37-8/lib/crti.o /nix/store/b7hvml0m3qmqraz1022fwvyyg6fc1vdy-gcc-12.2.0/lib/gcc/x86_64-unknown-linux-gnu/12.2.0/crtbegin.o -L/run/current-system/sw/lib -L/nix/store/46m4xx889wlhsdj72j38fnlyyvvvvbyb-glibc-2.37-8/lib -L/nix/store/b7hvml0m3qmqraz1022fwvyyg6fc1vdy-gcc-12.2.0/lib/gcc/x86_64-unknown-linux-gnu/12.2.0 -L/nix/store/843dqq10jdkalr2yazaz6drx334visrb-gcc-12.2.0-lib/x86_64-unknown-linux-gnu/lib -L/nix/store/843dqq10jdkalr2yazaz6drx334visrb-gcc-12.2.0-lib/lib -L/nix/store/46m4xx889wlhsdj72j38fnlyyvvvvbyb-glibc-2.37-8/lib -L/nix/store/843dqq10jdkalr2yazaz6drx334visrb-gcc-12.2.0-lib/lib -L/nix/store/lcf37pgp3rgww67v9x2990hbfwx96c1w-gcc-wrapper-12.2.0/bin -L/nix/store/b7hvml0m3qmqraz1022fwvyyg6fc1vdy-gcc-12.2.0/lib/gcc/x86_64-unknown-linux-gnu/12.2.0 -L/nix/store/b7hvml0m3qmqraz1022fwvyyg6fc1vdy-gcc-12.2.0/lib/gcc/x86_64-unknown-linux-gnu/12.2.0/../../../../lib64 -L/nix/store/b7hvml0m3qmqraz1022fwvyyg6fc1vdy-gcc-12.2.0/lib/gcc/x86_64-unknown-linux-gnu/12.2.0/../../.. -dynamic-linker=/nix/store/46m4xx889wlhsdj72j38fnlyyvvvvbyb-glibc-2.37-8/lib/ld-linux-x86-64.so.2 CMakeFiles/cmTC_94f6a.dir/CMakeCCompilerABI.c.o -lgcc --push-state --as-needed -lgcc_s --pop-state -lc -lgcc --push-state --as-needed -lgcc_s --pop-state /nix/store/b7hvml0m3qmqraz1022fwvyyg6fc1vdy-gcc-12.2.0/lib/gcc/x86_64-unknown-linux-gnu/12.2.0/crtend.o /nix/store/46m4xx889wlhsdj72j38fnlyyvvvvbyb-glibc-2.37-8/lib/crtn.o]
    arg [/nix/store/b7hvml0m3qmqraz1022fwvyyg6fc1vdy-gcc-12.2.0/libexec/gcc/x86_64-unknown-linux-gnu/12.2.0/collect2] ==> ignore
    arg [-plugin] ==> ignore
    arg [/nix/store/b7hvml0m3qmqraz1022fwvyyg6fc1vdy-gcc-12.2.0/libexec/gcc/x86_64-unknown-linux-gnu/12.2.0/liblto_plugin.so] ==> ignore
    arg [-plugin-opt=/nix/store/b7hvml0m3qmqraz1022fwvyyg6fc1vdy-gcc-12.2.0/libexec/gcc/x86_64-unknown-linux-gnu/12.2.0/lto-wrapper] ==> ignore
    arg [-plugin-opt=-fresolution=/tmp/ccRrayPZ.res] ==> ignore
    arg [-plugin-opt=-pass-through=-lgcc] ==> ignore
    arg [-plugin-opt=-pass-through=-lgcc_s] ==> ignore
    arg [-plugin-opt=-pass-through=-lc] ==> ignore
    arg [-plugin-opt=-pass-through=-lgcc] ==> ignore
    arg [-plugin-opt=-pass-through=-lgcc_s] ==> ignore
    arg [--eh-frame-hdr] ==> ignore
    arg [-m] ==> ignore
    arg [elf_x86_64] ==> ignore
    arg [-dynamic-linker] ==> ignore
    arg [/nix/store/46m4xx889wlhsdj72j38fnlyyvvvvbyb-glibc-2.37-8/lib64/ld-linux-x86-64.so.2] ==> ignore
    arg [-o] ==> ignore
    arg [cmTC_94f6a] ==> ignore
    arg [/nix/store/46m4xx889wlhsdj72j38fnlyyvvvvbyb-glibc-2.37-8/lib/crt1.o] ==> ignore
    arg [/nix/store/46m4xx889wlhsdj72j38fnlyyvvvvbyb-glibc-2.37-8/lib/crti.o] ==> ignore
    arg [/nix/store/b7hvml0m3qmqraz1022fwvyyg6fc1vdy-gcc-12.2.0/lib/gcc/x86_64-unknown-linux-gnu/12.2.0/crtbegin.o] ==> ignore
    arg [-L/run/current-system/sw/lib] ==> dir [/run/current-system/sw/lib]
    arg [-L/nix/store/46m4xx889wlhsdj72j38fnlyyvvvvbyb-glibc-2.37-8/lib] ==> dir [/nix/store/46m4xx889wlhsdj72j38fnlyyvvvvbyb-glibc-2.37-8/lib]
    arg [-L/nix/store/b7hvml0m3qmqraz1022fwvyyg6fc1vdy-gcc-12.2.0/lib/gcc/x86_64-unknown-linux-gnu/12.2.0] ==> dir [/nix/store/b7hvml0m3qmqraz1022fwvyyg6fc1vdy-gcc-12.2.0/lib/gcc/x86_64-unknown-linux-gnu/12.2.0]
    arg [-L/nix/store/843dqq10jdkalr2yazaz6drx334visrb-gcc-12.2.0-lib/x86_64-unknown-linux-gnu/lib] ==> dir [/nix/store/843dqq10jdkalr2yazaz6drx334visrb-gcc-12.2.0-lib/x86_64-unknown-linux-gnu/lib]
    arg [-L/nix/store/843dqq10jdkalr2yazaz6drx334visrb-gcc-12.2.0-lib/lib] ==> dir [/nix/store/843dqq10jdkalr2yazaz6drx334visrb-gcc-12.2.0-lib/lib]
    arg [-L/nix/store/46m4xx889wlhsdj72j38fnlyyvvvvbyb-glibc-2.37-8/lib] ==> dir [/nix/store/46m4xx889wlhsdj72j38fnlyyvvvvbyb-glibc-2.37-8/lib]
    arg [-L/nix/store/843dqq10jdkalr2yazaz6drx334visrb-gcc-12.2.0-lib/lib] ==> dir [/nix/store/843dqq10jdkalr2yazaz6drx334visrb-gcc-12.2.0-lib/lib]
    arg [-L/nix/store/lcf37pgp3rgww67v9x2990hbfwx96c1w-gcc-wrapper-12.2.0/bin] ==> dir [/nix/store/lcf37pgp3rgww67v9x2990hbfwx96c1w-gcc-wrapper-12.2.0/bin]
    arg [-L/nix/store/b7hvml0m3qmqraz1022fwvyyg6fc1vdy-gcc-12.2.0/lib/gcc/x86_64-unknown-linux-gnu/12.2.0] ==> dir [/nix/store/b7hvml0m3qmqraz1022fwvyyg6fc1vdy-gcc-12.2.0/lib/gcc/x86_64-unknown-linux-gnu/12.2.0]
    arg [-L/nix/store/b7hvml0m3qmqraz1022fwvyyg6fc1vdy-gcc-12.2.0/lib/gcc/x86_64-unknown-linux-gnu/12.2.0/../../../../lib64] ==> dir [/nix/store/b7hvml0m3qmqraz1022fwvyyg6fc1vdy-gcc-12.2.0/lib/gcc/x86_64-unknown-linux-gnu/12.2.0/../../../../lib64]
    arg [-L/nix/store/b7hvml0m3qmqraz1022fwvyyg6fc1vdy-gcc-12.2.0/lib/gcc/x86_64-unknown-linux-gnu/12.2.0/../../..] ==> dir [/nix/store/b7hvml0m3qmqraz1022fwvyyg6fc1vdy-gcc-12.2.0/lib/gcc/x86_64-unknown-linux-gnu/12.2.0/../../..]
    arg [-dynamic-linker=/nix/store/46m4xx889wlhsdj72j38fnlyyvvvvbyb-glibc-2.37-8/lib/ld-linux-x86-64.so.2] ==> ignore
    arg [CMakeFiles/cmTC_94f6a.dir/CMakeCCompilerABI.c.o] ==> ignore
    arg [-lgcc] ==> lib [gcc]
    arg [--push-state] ==> ignore
    arg [--as-needed] ==> ignore
    arg [-lgcc_s] ==> lib [gcc_s]
    arg [--pop-state] ==> ignore
    arg [-lc] ==> lib [c]
    arg [-lgcc] ==> lib [gcc]
    arg [--push-state] ==> ignore
    arg [--as-needed] ==> ignore
    arg [-lgcc_s] ==> lib [gcc_s]
    arg [--pop-state] ==> ignore
    arg [/nix/store/b7hvml0m3qmqraz1022fwvyyg6fc1vdy-gcc-12.2.0/lib/gcc/x86_64-unknown-linux-gnu/12.2.0/crtend.o] ==> ignore
    arg [/nix/store/46m4xx889wlhsdj72j38fnlyyvvvvbyb-glibc-2.37-8/lib/crtn.o] ==> ignore
  collapse library dir [/run/current-system/sw/lib] ==> [/run/current-system/sw/lib]
  collapse library dir [/nix/store/46m4xx889wlhsdj72j38fnlyyvvvvbyb-glibc-2.37-8/lib] ==> [/nix/store/46m4xx889wlhsdj72j38fnlyyvvvvbyb-glibc-2.37-8/lib]
  collapse library dir [/nix/store/b7hvml0m3qmqraz1022fwvyyg6fc1vdy-gcc-12.2.0/lib/gcc/x86_64-unknown-linux-gnu/12.2.0] ==> [/nix/store/b7hvml0m3qmqraz1022fwvyyg6fc1vdy-gcc-12.2.0/lib/gcc/x86_64-unknown-linux-gnu/12.2.0]
  collapse library dir [/nix/store/843dqq10jdkalr2yazaz6drx334visrb-gcc-12.2.0-lib/x86_64-unknown-linux-gnu/lib] ==> [/nix/store/843dqq10jdkalr2yazaz6drx334visrb-gcc-12.2.0-lib/x86_64-unknown-linux-gnu/lib]
  collapse library dir [/nix/store/843dqq10jdkalr2yazaz6drx334visrb-gcc-12.2.0-lib/lib] ==> [/nix/store/843dqq10jdkalr2yazaz6drx334visrb-gcc-12.2.0-lib/lib]
  collapse library dir [/nix/store/46m4xx889wlhsdj72j38fnlyyvvvvbyb-glibc-2.37-8/lib] ==> [/nix/store/46m4xx889wlhsdj72j38fnlyyvvvvbyb-glibc-2.37-8/lib]
  collapse library dir [/nix/store/843dqq10jdkalr2yazaz6drx334visrb-gcc-12.2.0-lib/lib] ==> [/nix/store/843dqq10jdkalr2yazaz6drx334visrb-gcc-12.2.0-lib/lib]
  collapse library dir [/nix/store/lcf37pgp3rgww67v9x2990hbfwx96c1w-gcc-wrapper-12.2.0/bin] ==> [/nix/store/lcf37pgp3rgww67v9x2990hbfwx96c1w-gcc-wrapper-12.2.0/bin]
  collapse library dir [/nix/store/b7hvml0m3qmqraz1022fwvyyg6fc1vdy-gcc-12.2.0/lib/gcc/x86_64-unknown-linux-gnu/12.2.0] ==> [/nix/store/b7hvml0m3qmqraz1022fwvyyg6fc1vdy-gcc-12.2.0/lib/gcc/x86_64-unknown-linux-gnu/12.2.0]
  collapse library dir [/nix/store/b7hvml0m3qmqraz1022fwvyyg6fc1vdy-gcc-12.2.0/lib/gcc/x86_64-unknown-linux-gnu/12.2.0/../../../../lib64] ==> [/nix/store/b7hvml0m3qmqraz1022fwvyyg6fc1vdy-gcc-12.2.0/lib64]
  collapse library dir [/nix/store/b7hvml0m3qmqraz1022fwvyyg6fc1vdy-gcc-12.2.0/lib/gcc/x86_64-unknown-linux-gnu/12.2.0/../../..] ==> [/nix/store/b7hvml0m3qmqraz1022fwvyyg6fc1vdy-gcc-12.2.0/lib]
  implicit libs: [gcc;gcc_s;c;gcc;gcc_s]
  implicit dirs: [/run/current-system/sw/lib;/nix/store/46m4xx889wlhsdj72j38fnlyyvvvvbyb-glibc-2.37-8/lib;/nix/store/b7hvml0m3qmqraz1022fwvyyg6fc1vdy-gcc-12.2.0/lib/gcc/x86_64-unknown-linux-gnu/12.2.0;/nix/store/843dqq10jdkalr2yazaz6drx334visrb-gcc-12.2.0-lib/x86_64-unknown-linux-gnu/lib;/nix/store/843dqq10jdkalr2yazaz6drx334visrb-gcc-12.2.0-lib/lib;/nix/store/lcf37pgp3rgww67v9x2990hbfwx96c1w-gcc-wrapper-12.2.0/bin;/nix/store/b7hvml0m3qmqraz1022fwvyyg6fc1vdy-gcc-12.2.0/lib64;/nix/store/b7hvml0m3qmqraz1022fwvyyg6fc1vdy-gcc-12.2.0/lib]
  implicit fwks: []


Detecting CXX compiler ABI info compiled with the following output:
Change Dir: /home/theo.crepin/epita_ani3d_lab_code/scenes_epita_ani3d/02_hierarchy/cmake-build-debug/CMakeFiles/CMakeTmp

Run Build Command(s):/run/current-system/sw/bin/make cmTC_cb041/fast && /run/current-system/sw/bin/make  -f CMakeFiles/cmTC_cb041.dir/build.make CMakeFiles/cmTC_cb041.dir/build
make[1]: Entering directory '/home/theo.crepin/epita_ani3d_lab_code/scenes_epita_ani3d/02_hierarchy/cmake-build-debug/CMakeFiles/CMakeTmp'
Building CXX object CMakeFiles/cmTC_cb041.dir/CMakeCXXCompilerABI.cpp.o
/run/current-system/sw/bin/c++   -v -o CMakeFiles/cmTC_cb041.dir/CMakeCXXCompilerABI.cpp.o -c /nix/store/f9ph445ajlxijbhvcd7vjxyr7i5ahpfd-cmake-3.19.7/share/cmake-3.19/Modules/CMakeCXXCompilerABI.cpp
Using built-in specs.
COLLECT_GCC=/nix/store/b7hvml0m3qmqraz1022fwvyyg6fc1vdy-gcc-12.2.0/bin/g++
Target: x86_64-unknown-linux-gnu
Configured with: 
Thread model: posix
Supported LTO compression algorithms: zlib
gcc version 12.2.0 (GCC) 
COLLECT_GCC_OPTIONS='-v' '-o' 'CMakeFiles/cmTC_cb041.dir/CMakeCXXCompilerABI.cpp.o' '-c' '-B' '/nix/store/46m4xx889wlhsdj72j38fnlyyvvvvbyb-glibc-2.37-8/lib/' '-idirafter' '/nix/store/hkj250rjsvxcbr31fr1v81cv88cdfp4l-glibc-2.37-8-dev/include' '-idirafter' '/nix/store/b7hvml0m3qmqraz1022fwvyyg6fc1vdy-gcc-12.2.0/lib/gcc/x86_64-unknown-linux-gnu/12.2.0/include-fixed' '-B' '/nix/store/843dqq10jdkalr2yazaz6drx334visrb-gcc-12.2.0-lib/lib' '-B' '/nix/store/lcf37pgp3rgww67v9x2990hbfwx96c1w-gcc-wrapper-12.2.0/bin/' '-I' '/run/current-system/sw/include' '-shared-libgcc' '-mtune=generic' '-march=x86-64' '-dumpdir' 'CMakeFiles/cmTC_cb041.dir/'
 /nix/store/b7hvml0m3qmqraz1022fwvyyg6fc1vdy-gcc-12.2.0/libexec/gcc/x86_64-unknown-linux-gnu/12.2.0/cc1plus -quiet -v -I /run/current-system/sw/include -D_GNU_SOURCE -idirafter /nix/store/hkj250rjsvxcbr31fr1v81cv88cdfp4l-glibc-2.37-8-dev/include -idirafter /nix/store/b7hvml0m3qmqraz1022fwvyyg6fc1vdy-gcc-12.2.0/lib/gcc/x86_64-unknown-linux-gnu/12.2.0/include-fixed /nix/store/f9ph445ajlxijbhvcd7vjxyr7i5ahpfd-cmake-3.19.7/share/cmake-3.19/Modules/CMakeCXXCompilerABI.cpp -quiet -dumpdir CMakeFiles/cmTC_cb041.dir/ -dumpbase CMakeCXXCompilerABI.cpp.cpp -dumpbase-ext .cpp -mtune=generic -march=x86-64 -version -o /tmp/ccXUcEBp.s
GNU C++17 (GCC) version 12.2.0 (x86_64-unknown-linux-gnu)
	compiled by GNU C version 12.2.0, GMP version 6.2.1, MPFR version 4.2.0, MPC version 1.3.1, isl version isl-0.20-GMP

GGC heuristics: --param ggc-min-expand=100 --param ggc-min-heapsize=131072
ignoring nonexistent directory "/nix/store/b7hvml0m3qmqraz1022fwvyyg6fc1vdy-gcc-12.2.0/lib/gcc/x86_64-unknown-linux-gnu/12.2.0/../../../../x86_64-unknown-linux-gnu/include"
ignoring duplicate directory "/nix/store/hkj250rjsvxcbr31fr1v81cv88cdfp4l-glibc-2.37-8-dev/include"
ignoring duplicate directory "/nix/store/b7hvml0m3qmqraz1022fwvyyg6fc1vdy-gcc-12.2.0/lib/gcc/x86_64-unknown-linux-gnu/12.2.0/include-fixed"
#include "..." search starts here:
#include <...> search starts here:
 /run/current-system/sw/include
 /nix/store/b7hvml0m3qmqraz1022fwvyyg6fc1vdy-gcc-12.2.0/lib/gcc/x86_64-unknown-linux-gnu/12.2.0/../../../../include/c++/12.2.0
 /nix/store/b7hvml0m3qmqraz1022fwvyyg6fc1vdy-gcc-12.2.0/lib/gcc/x86_64-unknown-linux-gnu/12.2.0/../../../../include/c++/12.2.0/x86_64-unknown-linux-gnu
 /nix/store/b7hvml0m3qmqraz1022fwvyyg6fc1vdy-gcc-12.2.0/lib/gcc/x86_64-unknown-linux-gnu/12.2.0/../../../../include/c++/12.2.0/backward
 /nix/store/b7hvml0m3qmqraz1022fwvyyg6fc1vdy-gcc-12.2.0/lib/gcc/x86_64-unknown-linux-gnu/12.2.0/include
 /nix/store/b7hvml0m3qmqraz1022fwvyyg6fc1vdy-gcc-12.2.0/include
 /nix/store/b7hvml0m3qmqraz1022fwvyyg6fc1vdy-gcc-12.2.0/lib/gcc/x86_64-unknown-linux-gnu/12.2.0/include-fixed
 /nix/store/hkj250rjsvxcbr31fr1v81cv88cdfp4l-glibc-2.37-8-dev/include
End of search list.
GNU C++17 (GCC) version 12.2.0 (x86_64-unknown-linux-gnu)
	compiled by GNU C version 12.2.0, GMP version 6.2.1, MPFR version 4.2.0, MPC version 1.3.1, isl version isl-0.20-GMP

GGC heuristics: --param ggc-min-expand=100 --param ggc-min-heapsize=131072
Compiler executable checksum: b5d135a50d0567160372845759f40386
COLLECT_GCC_OPTIONS='-v' '-o' 'CMakeFiles/cmTC_cb041.dir/CMakeCXXCompilerABI.cpp.o' '-c' '-B' '/nix/store/46m4xx889wlhsdj72j38fnlyyvvvvbyb-glibc-2.37-8/lib/' '-idirafter' '/nix/store/hkj250rjsvxcbr31fr1v81cv88cdfp4l-glibc-2.37-8-dev/include' '-idirafter' '/nix/store/b7hvml0m3qmqraz1022fwvyyg6fc1vdy-gcc-12.2.0/lib/gcc/x86_64-unknown-linux-gnu/12.2.0/include-fixed' '-B' '/nix/store/843dqq10jdkalr2yazaz6drx334visrb-gcc-12.2.0-lib/lib' '-B' '/nix/store/lcf37pgp3rgww67v9x2990hbfwx96c1w-gcc-wrapper-12.2.0/bin/' '-I' '/run/current-system/sw/include' '-shared-libgcc' '-mtune=generic' '-march=x86-64' '-dumpdir' 'CMakeFiles/cmTC_cb041.dir/'
 /nix/store/lcf37pgp3rgww67v9x2990hbfwx96c1w-gcc-wrapper-12.2.0/bin/as -v -I /run/current-system/sw/include --64 -o CMakeFiles/cmTC_cb041.dir/CMakeCXXCompilerABI.cpp.o /tmp/ccXUcEBp.s
GNU assembler version 2.40 (x86_64-unknown-linux-gnu) using BFD version (GNU Binutils) 2.40
COMPILER_PATH=/nix/store/46m4xx889wlhsdj72j38fnlyyvvvvbyb-glibc-2.37-8/lib/:/nix/store/843dqq10jdkalr2yazaz6drx334visrb-gcc-12.2.0-lib/lib/:/nix/store/lcf37pgp3rgww67v9x2990hbfwx96c1w-gcc-wrapper-12.2.0/bin/:/nix/store/b7hvml0m3qmqraz1022fwvyyg6fc1vdy-gcc-12.2.0/libexec/gcc/x86_64-unknown-linux-gnu/12.2.0/:/nix/store/b7hvml0m3qmqraz1022fwvyyg6fc1vdy-gcc-12.2.0/libexec/gcc/x86_64-unknown-linux-gnu/12.2.0/:/nix/store/b7hvml0m3qmqraz1022fwvyyg6fc1vdy-gcc-12.2.0/libexec/gcc/x86_64-unknown-linux-gnu/:/nix/store/b7hvml0m3qmqraz1022fwvyyg6fc1vdy-gcc-12.2.0/lib/gcc/x86_64-unknown-linux-gnu/12.2.0/:/nix/store/b7hvml0m3qmqraz1022fwvyyg6fc1vdy-gcc-12.2.0/lib/gcc/x86_64-unknown-linux-gnu/
LIBRARY_PATH=/nix/store/46m4xx889wlhsdj72j38fnlyyvvvvbyb-glibc-2.37-8/lib/:/nix/store/843dqq10jdkalr2yazaz6drx334visrb-gcc-12.2.0-lib/lib/:/nix/store/lcf37pgp3rgww67v9x2990hbfwx96c1w-gcc-wrapper-12.2.0/bin/:/nix/store/b7hvml0m3qmqraz1022fwvyyg6fc1vdy-gcc-12.2.0/lib/gcc/x86_64-unknown-linux-gnu/12.2.0/:/nix/store/b7hvml0m3qmqraz1022fwvyyg6fc1vdy-gcc-12.2.0/lib/gcc/x86_64-unknown-linux-gnu/12.2.0/../../../../lib64/:/nix/store/b7hvml0m3qmqraz1022fwvyyg6fc1vdy-gcc-12.2.0/lib/gcc/x86_64-unknown-linux-gnu/12.2.0/../../../
COLLECT_GCC_OPTIONS='-v' '-o' 'CMakeFiles/cmTC_cb041.dir/CMakeCXXCompilerABI.cpp.o' '-c' '-B' '/nix/store/46m4xx889wlhsdj72j38fnlyyvvvvbyb-glibc-2.37-8/lib/' '-idirafter' '/nix/store/hkj250rjsvxcbr31fr1v81cv88cdfp4l-glibc-2.37-8-dev/include' '-idirafter' '/nix/store/b7hvml0m3qmqraz1022fwvyyg6fc1vdy-gcc-12.2.0/lib/gcc/x86_64-unknown-linux-gnu/12.2.0/include-fixed' '-B' '/nix/store/843dqq10jdkalr2yazaz6drx334visrb-gcc-12.2.0-lib/lib' '-B' '/nix/store/lcf37pgp3rgww67v9x2990hbfwx96c1w-gcc-wrapper-12.2.0/bin/' '-I' '/run/current-system/sw/include' '-shared-libgcc' '-mtune=generic' '-march=x86-64' '-dumpdir' 'CMakeFiles/cmTC_cb041.dir/CMakeCXXCompilerABI.cpp.'
Linking CXX executable cmTC_cb041
/nix/store/f9ph445ajlxijbhvcd7vjxyr7i5ahpfd-cmake-3.19.7/bin/cmake -E cmake_link_script CMakeFiles/cmTC_cb041.dir/link.txt --verbose=1
/run/current-system/sw/bin/c++  -v CMakeFiles/cmTC_cb041.dir/CMakeCXXCompilerABI.cpp.o -o cmTC_cb041 
Using built-in specs.
COLLECT_GCC=/nix/store/b7hvml0m3qmqraz1022fwvyyg6fc1vdy-gcc-12.2.0/bin/g++
COLLECT_LTO_WRAPPER=/nix/store/b7hvml0m3qmqraz1022fwvyyg6fc1vdy-gcc-12.2.0/libexec/gcc/x86_64-unknown-linux-gnu/12.2.0/lto-wrapper
Target: x86_64-unknown-linux-gnu
Configured with: 
Thread model: posix
Supported LTO compression algorithms: zlib
gcc version 12.2.0 (GCC) 
COMPILER_PATH=/nix/store/46m4xx889wlhsdj72j38fnlyyvvvvbyb-glibc-2.37-8/lib/:/nix/store/843dqq10jdkalr2yazaz6drx334visrb-gcc-12.2.0-lib/lib/:/nix/store/lcf37pgp3rgww67v9x2990hbfwx96c1w-gcc-wrapper-12.2.0/bin/:/nix/store/b7hvml0m3qmqraz1022fwvyyg6fc1vdy-gcc-12.2.0/libexec/gcc/x86_64-unknown-linux-gnu/12.2.0/:/nix/store/b7hvml0m3qmqraz1022fwvyyg6fc1vdy-gcc-12.2.0/libexec/gcc/x86_64-unknown-linux-gnu/12.2.0/:/nix/store/b7hvml0m3qmqraz1022fwvyyg6fc1vdy-gcc-12.2.0/libexec/gcc/x86_64-unknown-linux-gnu/:/nix/store/b7hvml0m3qmqraz1022fwvyyg6fc1vdy-gcc-12.2.0/lib/gcc/x86_64-unknown-linux-gnu/12.2.0/:/nix/store/b7hvml0m3qmqraz1022fwvyyg6fc1vdy-gcc-12.2.0/lib/gcc/x86_64-unknown-linux-gnu/
LIBRARY_PATH=/nix/store/46m4xx889wlhsdj72j38fnlyyvvvvbyb-glibc-2.37-8/lib/:/nix/store/843dqq10jdkalr2yazaz6drx334visrb-gcc-12.2.0-lib/lib/:/nix/store/lcf37pgp3rgww67v9x2990hbfwx96c1w-gcc-wrapper-12.2.0/bin/:/nix/store/b7hvml0m3qmqraz1022fwvyyg6fc1vdy-gcc-12.2.0/lib/gcc/x86_64-unknown-linux-gnu/12.2.0/:/nix/store/b7hvml0m3qmqraz1022fwvyyg6fc1vdy-gcc-12.2.0/lib/gcc/x86_64-unknown-linux-gnu/12.2.0/../../../../lib64/:/nix/store/b7hvml0m3qmqraz1022fwvyyg6fc1vdy-gcc-12.2.0/lib/gcc/x86_64-unknown-linux-gnu/12.2.0/../../../
COLLECT_GCC_OPTIONS='-v' '-o' 'cmTC_cb041' '-B' '/nix/store/46m4xx889wlhsdj72j38fnlyyvvvvbyb-glibc-2.37-8/lib/' '-idirafter' '/nix/store/hkj250rjsvxcbr31fr1v81cv88cdfp4l-glibc-2.37-8-dev/include' '-idirafter' '/nix/store/b7hvml0m3qmqraz1022fwvyyg6fc1vdy-gcc-12.2.0/lib/gcc/x86_64-unknown-linux-gnu/12.2.0/include-fixed' '-B' '/nix/store/843dqq10jdkalr2yazaz6drx334visrb-gcc-12.2.0-lib/lib' '-B' '/nix/store/lcf37pgp3rgww67v9x2990hbfwx96c1w-gcc-wrapper-12.2.0/bin/' '-I' '/run/current-system/sw/include' '-L/run/current-system/sw/lib' '-L/nix/store/46m4xx889wlhsdj72j38fnlyyvvvvbyb-glibc-2.37-8/lib' '-L/nix/store/b7hvml0m3qmqraz1022fwvyyg6fc1vdy-gcc-12.2.0/lib/gcc/x86_64-unknown-linux-gnu/12.2.0' '-L/nix/store/843dqq10jdkalr2yazaz6drx334visrb-gcc-12.2.0-lib/x86_64-unknown-linux-gnu/lib' '-L/nix/store/843dqq10jdkalr2yazaz6drx334visrb-gcc-12.2.0-lib/lib' '-shared-libgcc' '-mtune=generic' '-march=x86-64' '-dumpdir' 'cmTC_cb041.'
 /nix/store/b7hvml0m3qmqraz1022fwvyyg6fc1vdy-gcc-12.2.0/libexec/gcc/x86_64-unknown-linux-gnu/12.2.0/collect2 -plugin /nix/store/b7hvml0m3qmqraz1022fwvyyg6fc1vdy-gcc-12.2.0/libexec/gcc/x86_64-unknown-linux-gnu/12.2.0/liblto_plugin.so -plugin-opt=/nix/store/b7hvml0m3qmqraz1022fwvyyg6fc1vdy-gcc-12.2.0/libexec/gcc/x86_64-unknown-linux-gnu/12.2.0/lto-wrapper -plugin-opt=-fresolution=/tmp/ccCj0QUl.res -plugin-opt=-pass-through=-lgcc_s -plugin-opt=-pass-through=-lgcc -plugin-opt=-pass-through=-lc -plugin-opt=-pass-through=-lgcc_s -plugin-opt=-pass-through=-lgcc --eh-frame-hdr -m elf_x86_64 -dynamic-linker /nix/store/46m4xx889wlhsdj72j38fnlyyvvvvbyb-glibc-2.37-8/lib64/ld-linux-x86-64.so.2 -o cmTC_cb041 /nix/store/46m4xx889wlhsdj72j38fnlyyvvvvbyb-glibc-2.37-8/lib/crt1.o /nix/store/46m4xx889wlhsdj72j38fnlyyvvvvbyb-glibc-2.37-8/lib/crti.o /nix/store/b7hvml0m3qmqraz1022fwvyyg6fc1vdy-gcc-12.2.0/lib/gcc/x86_64-unknown-linux-gnu/12.2.0/crtbegin.o -L/run/current-system/sw/lib -L/nix/store/46m4xx889wlhsdj72j38fnlyyvvvvbyb-glibc-2.37-8/lib -L/nix/store/b7hvml0m3qmqraz1022fwvyyg6fc1vdy-gcc-12.2.0/lib/gcc/x86_64-unknown-linux-gnu/12.2.0 -L/nix/store/843dqq10jdkalr2yazaz6drx334visrb-gcc-12.2.0-lib/x86_64-unknown-linux-gnu/lib -L/nix/store/843dqq10jdkalr2yazaz6drx334visrb-gcc-12.2.0-lib/lib -L/nix/store/46m4xx889wlhsdj72j38fnlyyvvvvbyb-glibc-2.37-8/lib -L/nix/store/843dqq10jdkalr2yazaz6drx334visrb-gcc-12.2.0-lib/lib -L/nix/store/lcf37pgp3rgww67v9x2990hbfwx96c1w-gcc-wrapper-12.2.0/bin -L/nix/store/b7hvml0m3qmqraz1022fwvyyg6fc1vdy-gcc-12.2.0/lib/gcc/x86_64-unknown-linux-gnu/12.2.0 -L/nix/store/b7hvml0m3qmqraz1022fwvyyg6fc1vdy-gcc-12.2.0/lib/gcc/x86_64-unknown-linux-gnu/12.2.0/../../../../lib64 -L/nix/store/b7hvml0m3qmqraz1022fwvyyg6fc1vdy-gcc-12.2.0/lib/gcc/x86_64-unknown-linux-gnu/12.2.0/../../.. -dynamic-linker=/nix/store/46m4xx889wlhsdj72j38fnlyyvvvvbyb-glibc-2.37-8/lib/ld-linux-x86-64.so.2 CMakeFiles/cmTC_cb041.dir/CMakeCXXCompilerABI.cpp.o -lstdc++ -lm -lgcc_s -lgcc -lc -lgcc_s -lgcc /nix/store/b7hvml0m3qmqraz1022fwvyyg6fc1vdy-gcc-12.2.0/lib/gcc/x86_64-unknown-linux-gnu/12.2.0/crtend.o /nix/store/46m4xx889wlhsdj72j38fnlyyvvvvbyb-glibc-2.37-8/lib/crtn.o
COLLECT_GCC_OPTIONS='-v' '-o' 'cmTC_cb041' '-B' '/nix/store/46m4xx889wlhsdj72j38fnlyyvvvvbyb-glibc-2.37-8/lib/' '-idirafter' '/nix/store/hkj250rjsvxcbr31fr1v81cv88cdfp4l-glibc-2.37-8-dev/include' '-idirafter' '/nix/store/b7hvml0m3qmqraz1022fwvyyg6fc1vdy-gcc-12.2.0/lib/gcc/x86_64-unknown-linux-gnu/12.2.0/include-fixed' '-B' '/nix/store/843dqq10jdkalr2yazaz6drx334visrb-gcc-12.2.0-lib/lib' '-B' '/nix/store/lcf37pgp3rgww67v9x2990hbfwx96c1w-gcc-wrapper-12.2.0/bin/' '-I' '/run/current-system/sw/include' '-L/run/current-system/sw/lib' '-L/nix/store/46m4xx889wlhsdj72j38fnlyyvvvvbyb-glibc-2.37-8/lib' '-L/nix/store/b7hvml0m3qmqraz1022fwvyyg6fc1vdy-gcc-12.2.0/lib/gcc/x86_64-unknown-linux-gnu/12.2.0' '-L/nix/store/843dqq10jdkalr2yazaz6drx334visrb-gcc-12.2.0-lib/x86_64-unknown-linux-gnu/lib' '-L/nix/store/843dqq10jdkalr2yazaz6drx334visrb-gcc-12.2.0-lib/lib' '-shared-libgcc' '-mtune=generic' '-march=x86-64' '-dumpdir' 'cmTC_cb041.'
make[1]: Leaving directory '/home/theo.crepin/epita_ani3d_lab_code/scenes_epita_ani3d/02_hierarchy/cmake-build-debug/CMakeFiles/CMakeTmp'



Parsed CXX implicit include dir info from above output: rv=done
  found start of include info
  found start of implicit include info
    add: [/run/current-system/sw/include]
    add: [/nix/store/b7hvml0m3qmqraz1022fwvyyg6fc1vdy-gcc-12.2.0/lib/gcc/x86_64-unknown-linux-gnu/12.2.0/../../../../include/c++/12.2.0]
    add: [/nix/store/b7hvml0m3qmqraz1022fwvyyg6fc1vdy-gcc-12.2.0/lib/gcc/x86_64-unknown-linux-gnu/12.2.0/../../../../include/c++/12.2.0/x86_64-unknown-linux-gnu]
    add: [/nix/store/b7hvml0m3qmqraz1022fwvyyg6fc1vdy-gcc-12.2.0/lib/gcc/x86_64-unknown-linux-gnu/12.2.0/../../../../include/c++/12.2.0/backward]
    add: [/nix/store/b7hvml0m3qmqraz1022fwvyyg6fc1vdy-gcc-12.2.0/lib/gcc/x86_64-unknown-linux-gnu/12.2.0/include]
    add: [/nix/store/b7hvml0m3qmqraz1022fwvyyg6fc1vdy-gcc-12.2.0/include]
    add: [/nix/store/b7hvml0m3qmqraz1022fwvyyg6fc1vdy-gcc-12.2.0/lib/gcc/x86_64-unknown-linux-gnu/12.2.0/include-fixed]
    add: [/nix/store/hkj250rjsvxcbr31fr1v81cv88cdfp4l-glibc-2.37-8-dev/include]
  end of search list found
  collapse include dir [/run/current-system/sw/include] ==> [/run/current-system/sw/include]
  collapse include dir [/nix/store/b7hvml0m3qmqraz1022fwvyyg6fc1vdy-gcc-12.2.0/lib/gcc/x86_64-unknown-linux-gnu/12.2.0/../../../../include/c++/12.2.0] ==> [/nix/store/b7hvml0m3qmqraz1022fwvyyg6fc1vdy-gcc-12.2.0/include/c++/12.2.0]
  collapse include dir [/nix/store/b7hvml0m3qmqraz1022fwvyyg6fc1vdy-gcc-12.2.0/lib/gcc/x86_64-unknown-linux-gnu/12.2.0/../../../../include/c++/12.2.0/x86_64-unknown-linux-gnu] ==> [/nix/store/b7hvml0m3qmqraz1022fwvyyg6fc1vdy-gcc-12.2.0/include/c++/12.2.0/x86_64-unknown-linux-gnu]
  collapse include dir [/nix/store/b7hvml0m3qmqraz1022fwvyyg6fc1vdy-gcc-12.2.0/lib/gcc/x86_64-unknown-linux-gnu/12.2.0/../../../../include/c++/12.2.0/backward] ==> [/nix/store/b7hvml0m3qmqraz1022fwvyyg6fc1vdy-gcc-12.2.0/include/c++/12.2.0/backward]
  collapse include dir [/nix/store/b7hvml0m3qmqraz1022fwvyyg6fc1vdy-gcc-12.2.0/lib/gcc/x86_64-unknown-linux-gnu/12.2.0/include] ==> [/nix/store/b7hvml0m3qmqraz1022fwvyyg6fc1vdy-gcc-12.2.0/lib/gcc/x86_64-unknown-linux-gnu/12.2.0/include]
  collapse include dir [/nix/store/b7hvml0m3qmqraz1022fwvyyg6fc1vdy-gcc-12.2.0/include] ==> [/nix/store/b7hvml0m3qmqraz1022fwvyyg6fc1vdy-gcc-12.2.0/include]
  collapse include dir [/nix/store/b7hvml0m3qmqraz1022fwvyyg6fc1vdy-gcc-12.2.0/lib/gcc/x86_64-unknown-linux-gnu/12.2.0/include-fixed] ==> [/nix/store/b7hvml0m3qmqraz1022fwvyyg6fc1vdy-gcc-12.2.0/lib/gcc/x86_64-unknown-linux-gnu/12.2.0/include-fixed]
  collapse include dir [/nix/store/hkj250rjsvxcbr31fr1v81cv88cdfp4l-glibc-2.37-8-dev/include] ==> [/nix/store/hkj250rjsvxcbr31fr1v81cv88cdfp4l-glibc-2.37-8-dev/include]
  implicit include dirs: [/run/current-system/sw/include;/nix/store/b7hvml0m3qmqraz1022fwvyyg6fc1vdy-gcc-12.2.0/include/c++/12.2.0;/nix/store/b7hvml0m3qmqraz1022fwvyyg6fc1vdy-gcc-12.2.0/include/c++/12.2.0/x86_64-unknown-linux-gnu;/nix/store/b7hvml0m3qmqraz1022fwvyyg6fc1vdy-gcc-12.2.0/include/c++/12.2.0/backward;/nix/store/b7hvml0m3qmqraz1022fwvyyg6fc1vdy-gcc-12.2.0/lib/gcc/x86_64-unknown-linux-gnu/12.2.0/include;/nix/store/b7hvml0m3qmqraz1022fwvyyg6fc1vdy-gcc-12.2.0/include;/nix/store/b7hvml0m3qmqraz1022fwvyyg6fc1vdy-gcc-12.2.0/lib/gcc/x86_64-unknown-linux-gnu/12.2.0/include-fixed;/nix/store/hkj250rjsvxcbr31fr1v81cv88cdfp4l-glibc-2.37-8-dev/include]


Parsed CXX implicit link information from above output:
  link line regex: [^( *|.*[/\])(ld|CMAKE_LINK_STARTFILE-NOTFOUND|([^/\]+-)?ld|collect2)[^/\]*( |$)]
  ignore line: [Change Dir: /home/theo.crepin/epita_ani3d_lab_code/scenes_epita_ani3d/02_hierarchy/cmake-build-debug/CMakeFiles/CMakeTmp]
  ignore line: []
  ignore line: [Run Build Command(s):/run/current-system/sw/bin/make cmTC_cb041/fast && /run/current-system/sw/bin/make  -f CMakeFiles/cmTC_cb041.dir/build.make CMakeFiles/cmTC_cb041.dir/build]
  ignore line: [make[1]: Entering directory '/home/theo.crepin/epita_ani3d_lab_code/scenes_epita_ani3d/02_hierarchy/cmake-build-debug/CMakeFiles/CMakeTmp']
  ignore line: [Building CXX object CMakeFiles/cmTC_cb041.dir/CMakeCXXCompilerABI.cpp.o]
  ignore line: [/run/current-system/sw/bin/c++   -v -o CMakeFiles/cmTC_cb041.dir/CMakeCXXCompilerABI.cpp.o -c /nix/store/f9ph445ajlxijbhvcd7vjxyr7i5ahpfd-cmake-3.19.7/share/cmake-3.19/Modules/CMakeCXXCompilerABI.cpp]
  ignore line: [Using built-in specs.]
  ignore line: [COLLECT_GCC=/nix/store/b7hvml0m3qmqraz1022fwvyyg6fc1vdy-gcc-12.2.0/bin/g++]
  ignore line: [Target: x86_64-unknown-linux-gnu]
  ignore line: [Configured with: ]
  ignore line: [Thread model: posix]
  ignore line: [Supported LTO compression algorithms: zlib]
  ignore line: [gcc version 12.2.0 (GCC) ]
  ignore line: [COLLECT_GCC_OPTIONS='-v' '-o' 'CMakeFiles/cmTC_cb041.dir/CMakeCXXCompilerABI.cpp.o' '-c' '-B' '/nix/store/46m4xx889wlhsdj72j38fnlyyvvvvbyb-glibc-2.37-8/lib/' '-idirafter' '/nix/store/hkj250rjsvxcbr31fr1v81cv88cdfp4l-glibc-2.37-8-dev/include' '-idirafter' '/nix/store/b7hvml0m3qmqraz1022fwvyyg6fc1vdy-gcc-12.2.0/lib/gcc/x86_64-unknown-linux-gnu/12.2.0/include-fixed' '-B' '/nix/store/843dqq10jdkalr2yazaz6drx334visrb-gcc-12.2.0-lib/lib' '-B' '/nix/store/lcf37pgp3rgww67v9x2990hbfwx96c1w-gcc-wrapper-12.2.0/bin/' '-I' '/run/current-system/sw/include' '-shared-libgcc' '-mtune=generic' '-march=x86-64' '-dumpdir' 'CMakeFiles/cmTC_cb041.dir/']
  ignore line: [ /nix/store/b7hvml0m3qmqraz1022fwvyyg6fc1vdy-gcc-12.2.0/libexec/gcc/x86_64-unknown-linux-gnu/12.2.0/cc1plus -quiet -v -I /run/current-system/sw/include -D_GNU_SOURCE -idirafter /nix/store/hkj250rjsvxcbr31fr1v81cv88cdfp4l-glibc-2.37-8-dev/include -idirafter /nix/store/b7hvml0m3qmqraz1022fwvyyg6fc1vdy-gcc-12.2.0/lib/gcc/x86_64-unknown-linux-gnu/12.2.0/include-fixed /nix/store/f9ph445ajlxijbhvcd7vjxyr7i5ahpfd-cmake-3.19.7/share/cmake-3.19/Modules/CMakeCXXCompilerABI.cpp -quiet -dumpdir CMakeFiles/cmTC_cb041.dir/ -dumpbase CMakeCXXCompilerABI.cpp.cpp -dumpbase-ext .cpp -mtune=generic -march=x86-64 -version -o /tmp/ccXUcEBp.s]
  ignore line: [GNU C++17 (GCC) version 12.2.0 (x86_64-unknown-linux-gnu)]
  ignore line: [	compiled by GNU C version 12.2.0  GMP version 6.2.1  MPFR version 4.2.0  MPC version 1.3.1  isl version isl-0.20-GMP]
  ignore line: []
  ignore line: [GGC heuristics: --param ggc-min-expand=100 --param ggc-min-heapsize=131072]
  ignore line: [ignoring nonexistent directory "/nix/store/b7hvml0m3qmqraz1022fwvyyg6fc1vdy-gcc-12.2.0/lib/gcc/x86_64-unknown-linux-gnu/12.2.0/../../../../x86_64-unknown-linux-gnu/include"]
  ignore line: [ignoring duplicate directory "/nix/store/hkj250rjsvxcbr31fr1v81cv88cdfp4l-glibc-2.37-8-dev/include"]
  ignore line: [ignoring duplicate directory "/nix/store/b7hvml0m3qmqraz1022fwvyyg6fc1vdy-gcc-12.2.0/lib/gcc/x86_64-unknown-linux-gnu/12.2.0/include-fixed"]
  ignore line: [#include "..." search starts here:]
  ignore line: [#include <...> search starts here:]
  ignore line: [ /run/current-system/sw/include]
  ignore line: [ /nix/store/b7hvml0m3qmqraz1022fwvyyg6fc1vdy-gcc-12.2.0/lib/gcc/x86_64-unknown-linux-gnu/12.2.0/../../../../include/c++/12.2.0]
  ignore line: [ /nix/store/b7hvml0m3qmqraz1022fwvyyg6fc1vdy-gcc-12.2.0/lib/gcc/x86_64-unknown-linux-gnu/12.2.0/../../../../include/c++/12.2.0/x86_64-unknown-linux-gnu]
  ignore line: [ /nix/store/b7hvml0m3qmqraz1022fwvyyg6fc1vdy-gcc-12.2.0/lib/gcc/x86_64-unknown-linux-gnu/12.2.0/../../../../include/c++/12.2.0/backward]
  ignore line: [ /nix/store/b7hvml0m3qmqraz1022fwvyyg6fc1vdy-gcc-12.2.0/lib/gcc/x86_64-unknown-linux-gnu/12.2.0/include]
  ignore line: [ /nix/store/b7hvml0m3qmqraz1022fwvyyg6fc1vdy-gcc-12.2.0/include]
  ignore line: [ /nix/store/b7hvml0m3qmqraz1022fwvyyg6fc1vdy-gcc-12.2.0/lib/gcc/x86_64-unknown-linux-gnu/12.2.0/include-fixed]
  ignore line: [ /nix/store/hkj250rjsvxcbr31fr1v81cv88cdfp4l-glibc-2.37-8-dev/include]
  ignore line: [End of search list.]
  ignore line: [GNU C++17 (GCC) version 12.2.0 (x86_64-unknown-linux-gnu)]
  ignore line: [	compiled by GNU C version 12.2.0  GMP version 6.2.1  MPFR version 4.2.0  MPC version 1.3.1  isl version isl-0.20-GMP]
  ignore line: []
  ignore line: [GGC heuristics: --param ggc-min-expand=100 --param ggc-min-heapsize=131072]
  ignore line: [Compiler executable checksum: b5d135a50d0567160372845759f40386]
  ignore line: [COLLECT_GCC_OPTIONS='-v' '-o' 'CMakeFiles/cmTC_cb041.dir/CMakeCXXCompilerABI.cpp.o' '-c' '-B' '/nix/store/46m4xx889wlhsdj72j38fnlyyvvvvbyb-glibc-2.37-8/lib/' '-idirafter' '/nix/store/hkj250rjsvxcbr31fr1v81cv88cdfp4l-glibc-2.37-8-dev/include' '-idirafter' '/nix/store/b7hvml0m3qmqraz1022fwvyyg6fc1vdy-gcc-12.2.0/lib/gcc/x86_64-unknown-linux-gnu/12.2.0/include-fixed' '-B' '/nix/store/843dqq10jdkalr2yazaz6drx334visrb-gcc-12.2.0-lib/lib' '-B' '/nix/store/lcf37pgp3rgww67v9x2990hbfwx96c1w-gcc-wrapper-12.2.0/bin/' '-I' '/run/current-system/sw/include' '-shared-libgcc' '-mtune=generic' '-march=x86-64' '-dumpdir' 'CMakeFiles/cmTC_cb041.dir/']
  ignore line: [ /nix/store/lcf37pgp3rgww67v9x2990hbfwx96c1w-gcc-wrapper-12.2.0/bin/as -v -I /run/current-system/sw/include --64 -o CMakeFiles/cmTC_cb041.dir/CMakeCXXCompilerABI.cpp.o /tmp/ccXUcEBp.s]
  ignore line: [GNU assembler version 2.40 (x86_64-unknown-linux-gnu) using BFD version (GNU Binutils) 2.40]
  ignore line: [COMPILER_PATH=/nix/store/46m4xx889wlhsdj72j38fnlyyvvvvbyb-glibc-2.37-8/lib/:/nix/store/843dqq10jdkalr2yazaz6drx334visrb-gcc-12.2.0-lib/lib/:/nix/store/lcf37pgp3rgww67v9x2990hbfwx96c1w-gcc-wrapper-12.2.0/bin/:/nix/store/b7hvml0m3qmqraz1022fwvyyg6fc1vdy-gcc-12.2.0/libexec/gcc/x86_64-unknown-linux-gnu/12.2.0/:/nix/store/b7hvml0m3qmqraz1022fwvyyg6fc1vdy-gcc-12.2.0/libexec/gcc/x86_64-unknown-linux-gnu/12.2.0/:/nix/store/b7hvml0m3qmqraz1022fwvyyg6fc1vdy-gcc-12.2.0/libexec/gcc/x86_64-unknown-linux-gnu/:/nix/store/b7hvml0m3qmqraz1022fwvyyg6fc1vdy-gcc-12.2.0/lib/gcc/x86_64-unknown-linux-gnu/12.2.0/:/nix/store/b7hvml0m3qmqraz1022fwvyyg6fc1vdy-gcc-12.2.0/lib/gcc/x86_64-unknown-linux-gnu/]
  ignore line: [LIBRARY_PATH=/nix/store/46m4xx889wlhsdj72j38fnlyyvvvvbyb-glibc-2.37-8/lib/:/nix/store/843dqq10jdkalr2yazaz6drx334visrb-gcc-12.2.0-lib/lib/:/nix/store/lcf37pgp3rgww67v9x2990hbfwx96c1w-gcc-wrapper-12.2.0/bin/:/nix/store/b7hvml0m3qmqraz1022fwvyyg6fc1vdy-gcc-12.2.0/lib/gcc/x86_64-unknown-linux-gnu/12.2.0/:/nix/store/b7hvml0m3qmqraz1022fwvyyg6fc1vdy-gcc-12.2.0/lib/gcc/x86_64-unknown-linux-gnu/12.2.0/../../../../lib64/:/nix/store/b7hvml0m3qmqraz1022fwvyyg6fc1vdy-gcc-12.2.0/lib/gcc/x86_64-unknown-linux-gnu/12.2.0/../../../]
  ignore line: [COLLECT_GCC_OPTIONS='-v' '-o' 'CMakeFiles/cmTC_cb041.dir/CMakeCXXCompilerABI.cpp.o' '-c' '-B' '/nix/store/46m4xx889wlhsdj72j38fnlyyvvvvbyb-glibc-2.37-8/lib/' '-idirafter' '/nix/store/hkj250rjsvxcbr31fr1v81cv88cdfp4l-glibc-2.37-8-dev/include' '-idirafter' '/nix/store/b7hvml0m3qmqraz1022fwvyyg6fc1vdy-gcc-12.2.0/lib/gcc/x86_64-unknown-linux-gnu/12.2.0/include-fixed' '-B' '/nix/store/843dqq10jdkalr2yazaz6drx334visrb-gcc-12.2.0-lib/lib' '-B' '/nix/store/lcf37pgp3rgww67v9x2990hbfwx96c1w-gcc-wrapper-12.2.0/bin/' '-I' '/run/current-system/sw/include' '-shared-libgcc' '-mtune=generic' '-march=x86-64' '-dumpdir' 'CMakeFiles/cmTC_cb041.dir/CMakeCXXCompilerABI.cpp.']
  ignore line: [Linking CXX executable cmTC_cb041]
  ignore line: [/nix/store/f9ph445ajlxijbhvcd7vjxyr7i5ahpfd-cmake-3.19.7/bin/cmake -E cmake_link_script CMakeFiles/cmTC_cb041.dir/link.txt --verbose=1]
  ignore line: [/run/current-system/sw/bin/c++  -v CMakeFiles/cmTC_cb041.dir/CMakeCXXCompilerABI.cpp.o -o cmTC_cb041 ]
  ignore line: [Using built-in specs.]
  ignore line: [COLLECT_GCC=/nix/store/b7hvml0m3qmqraz1022fwvyyg6fc1vdy-gcc-12.2.0/bin/g++]
  ignore line: [COLLECT_LTO_WRAPPER=/nix/store/b7hvml0m3qmqraz1022fwvyyg6fc1vdy-gcc-12.2.0/libexec/gcc/x86_64-unknown-linux-gnu/12.2.0/lto-wrapper]
  ignore line: [Target: x86_64-unknown-linux-gnu]
  ignore line: [Configured with: ]
  ignore line: [Thread model: posix]
  ignore line: [Supported LTO compression algorithms: zlib]
  ignore line: [gcc version 12.2.0 (GCC) ]
  ignore line: [COMPILER_PATH=/nix/store/46m4xx889wlhsdj72j38fnlyyvvvvbyb-glibc-2.37-8/lib/:/nix/store/843dqq10jdkalr2yazaz6drx334visrb-gcc-12.2.0-lib/lib/:/nix/store/lcf37pgp3rgww67v9x2990hbfwx96c1w-gcc-wrapper-12.2.0/bin/:/nix/store/b7hvml0m3qmqraz1022fwvyyg6fc1vdy-gcc-12.2.0/libexec/gcc/x86_64-unknown-linux-gnu/12.2.0/:/nix/store/b7hvml0m3qmqraz1022fwvyyg6fc1vdy-gcc-12.2.0/libexec/gcc/x86_64-unknown-linux-gnu/12.2.0/:/nix/store/b7hvml0m3qmqraz1022fwvyyg6fc1vdy-gcc-12.2.0/libexec/gcc/x86_64-unknown-linux-gnu/:/nix/store/b7hvml0m3qmqraz1022fwvyyg6fc1vdy-gcc-12.2.0/lib/gcc/x86_64-unknown-linux-gnu/12.2.0/:/nix/store/b7hvml0m3qmqraz1022fwvyyg6fc1vdy-gcc-12.2.0/lib/gcc/x86_64-unknown-linux-gnu/]
  ignore line: [LIBRARY_PATH=/nix/store/46m4xx889wlhsdj72j38fnlyyvvvvbyb-glibc-2.37-8/lib/:/nix/store/843dqq10jdkalr2yazaz6drx334visrb-gcc-12.2.0-lib/lib/:/nix/store/lcf37pgp3rgww67v9x2990hbfwx96c1w-gcc-wrapper-12.2.0/bin/:/nix/store/b7hvml0m3qmqraz1022fwvyyg6fc1vdy-gcc-12.2.0/lib/gcc/x86_64-unknown-linux-gnu/12.2.0/:/nix/store/b7hvml0m3qmqraz1022fwvyyg6fc1vdy-gcc-12.2.0/lib/gcc/x86_64-unknown-linux-gnu/12.2.0/../../../../lib64/:/nix/store/b7hvml0m3qmqraz1022fwvyyg6fc1vdy-gcc-12.2.0/lib/gcc/x86_64-unknown-linux-gnu/12.2.0/../../../]
  ignore line: [COLLECT_GCC_OPTIONS='-v' '-o' 'cmTC_cb041' '-B' '/nix/store/46m4xx889wlhsdj72j38fnlyyvvvvbyb-glibc-2.37-8/lib/' '-idirafter' '/nix/store/hkj250rjsvxcbr31fr1v81cv88cdfp4l-glibc-2.37-8-dev/include' '-idirafter' '/nix/store/b7hvml0m3qmqraz1022fwvyyg6fc1vdy-gcc-12.2.0/lib/gcc/x86_64-unknown-linux-gnu/12.2.0/include-fixed' '-B' '/nix/store/843dqq10jdkalr2yazaz6drx334visrb-gcc-12.2.0-lib/lib' '-B' '/nix/store/lcf37pgp3rgww67v9x2990hbfwx96c1w-gcc-wrapper-12.2.0/bin/' '-I' '/run/current-system/sw/include' '-L/run/current-system/sw/lib' '-L/nix/store/46m4xx889wlhsdj72j38fnlyyvvvvbyb-glibc-2.37-8/lib' '-L/nix/store/b7hvml0m3qmqraz1022fwvyyg6fc1vdy-gcc-12.2.0/lib/gcc/x86_64-unknown-linux-gnu/12.2.0' '-L/nix/store/843dqq10jdkalr2yazaz6drx334visrb-gcc-12.2.0-lib/x86_64-unknown-linux-gnu/lib' '-L/nix/store/843dqq10jdkalr2yazaz6drx334visrb-gcc-12.2.0-lib/lib' '-shared-libgcc' '-mtune=generic' '-march=x86-64' '-dumpdir' 'cmTC_cb041.']
  link line: [ /nix/store/b7hvml0m3qmqraz1022fwvyyg6fc1vdy-gcc-12.2.0/libexec/gcc/x86_64-unknown-linux-gnu/12.2.0/collect2 -plugin /nix/store/b7hvml0m3qmqraz1022fwvyyg6fc1vdy-gcc-12.2.0/libexec/gcc/x86_64-unknown-linux-gnu/12.2.0/liblto_plugin.so -plugin-opt=/nix/store/b7hvml0m3qmqraz1022fwvyyg6fc1vdy-gcc-12.2.0/libexec/gcc/x86_64-unknown-linux-gnu/12.2.0/lto-wrapper -plugin-opt=-fresolution=/tmp/ccCj0QUl.res -plugin-opt=-pass-through=-lgcc_s -plugin-opt=-pass-through=-lgcc -plugin-opt=-pass-through=-lc -plugin-opt=-pass-through=-lgcc_s -plugin-opt=-pass-through=-lgcc --eh-frame-hdr -m elf_x86_64 -dynamic-linker /nix/store/46m4xx889wlhsdj72j38fnlyyvvvvbyb-glibc-2.37-8/lib64/ld-linux-x86-64.so.2 -o cmTC_cb041 /nix/store/46m4xx889wlhsdj72j38fnlyyvvvvbyb-glibc-2.37-8/lib/crt1.o /nix/store/46m4xx889wlhsdj72j38fnlyyvvvvbyb-glibc-2.37-8/lib/crti.o /nix/store/b7hvml0m3qmqraz1022fwvyyg6fc1vdy-gcc-12.2.0/lib/gcc/x86_64-unknown-linux-gnu/12.2.0/crtbegin.o -L/run/current-system/sw/lib -L/nix/store/46m4xx889wlhsdj72j38fnlyyvvvvbyb-glibc-2.37-8/lib -L/nix/store/b7hvml0m3qmqraz1022fwvyyg6fc1vdy-gcc-12.2.0/lib/gcc/x86_64-unknown-linux-gnu/12.2.0 -L/nix/store/843dqq10jdkalr2yazaz6drx334visrb-gcc-12.2.0-lib/x86_64-unknown-linux-gnu/lib -L/nix/store/843dqq10jdkalr2yazaz6drx334visrb-gcc-12.2.0-lib/lib -L/nix/store/46m4xx889wlhsdj72j38fnlyyvvvvbyb-glibc-2.37-8/lib -L/nix/store/843dqq10jdkalr2yazaz6drx334visrb-gcc-12.2.0-lib/lib -L/nix/store/lcf37pgp3rgww67v9x2990hbfwx96c1w-gcc-wrapper-12.2.0/bin -L/nix/store/b7hvml0m3qmqraz1022fwvyyg6fc1vdy-gcc-12.2.0/lib/gcc/x86_64-unknown-linux-gnu/12.2.0 -L/nix/store/b7hvml0m3qmqraz1022fwvyyg6fc1vdy-gcc-12.2.0/lib/gcc/x86_64-unknown-linux-gnu/12.2.0/../../../../lib64 -L/nix/store/b7hvml0m3qmqraz1022fwvyyg6fc1vdy-gcc-12.2.0/lib/gcc/x86_64-unknown-linux-gnu/12.2.0/../../.. -dynamic-linker=/nix/store/46m4xx889wlhsdj72j38fnlyyvvvvbyb-glibc-2.37-8/lib/ld-linux-x86-64.so.2 CMakeFiles/cmTC_cb041.dir/CMakeCXXCompilerABI.cpp.o -lstdc++ -lm -lgcc_s -lgcc -lc -lgcc_s -lgcc /nix/store/b7hvml0m3qmqraz1022fwvyyg6fc1vdy-gcc-12.2.0/lib/gcc/x86_64-unknown-linux-gnu/12.2.0/crtend.o /nix/store/46m4xx889wlhsdj72j38fnlyyvvvvbyb-glibc-2.37-8/lib/crtn.o]
    arg [/nix/store/b7hvml0m3qmqraz1022fwvyyg6fc1vdy-gcc-12.2.0/libexec/gcc/x86_64-unknown-linux-gnu/12.2.0/collect2] ==> ignore
    arg [-plugin] ==> ignore
    arg [/nix/store/b7hvml0m3qmqraz1022fwvyyg6fc1vdy-gcc-12.2.0/libexec/gcc/x86_64-unknown-linux-gnu/12.2.0/liblto_plugin.so] ==> ignore
    arg [-plugin-opt=/nix/store/b7hvml0m3qmqraz1022fwvyyg6fc1vdy-gcc-12.2.0/libexec/gcc/x86_64-unknown-linux-gnu/12.2.0/lto-wrapper] ==> ignore
    arg [-plugin-opt=-fresolution=/tmp/ccCj0QUl.res] ==> ignore
    arg [-plugin-opt=-pass-through=-lgcc_s] ==> ignore
    arg [-plugin-opt=-pass-through=-lgcc] ==> ignore
    arg [-plugin-opt=-pass-through=-lc] ==> ignore
    arg [-plugin-opt=-pass-through=-lgcc_s] ==> ignore
    arg [-plugin-opt=-pass-through=-lgcc] ==> ignore
    arg [--eh-frame-hdr] ==> ignore
    arg [-m] ==> ignore
    arg [elf_x86_64] ==> ignore
    arg [-dynamic-linker] ==> ignore
    arg [/nix/store/46m4xx889wlhsdj72j38fnlyyvvvvbyb-glibc-2.37-8/lib64/ld-linux-x86-64.so.2] ==> ignore
    arg [-o] ==> ignore
    arg [cmTC_cb041] ==> ignore
    arg [/nix/store/46m4xx889wlhsdj72j38fnlyyvvvvbyb-glibc-2.37-8/lib/crt1.o] ==> ignore
    arg [/nix/store/46m4xx889wlhsdj72j38fnlyyvvvvbyb-glibc-2.37-8/lib/crti.o] ==> ignore
    arg [/nix/store/b7hvml0m3qmqraz1022fwvyyg6fc1vdy-gcc-12.2.0/lib/gcc/x86_64-unknown-linux-gnu/12.2.0/crtbegin.o] ==> ignore
    arg [-L/run/current-system/sw/lib] ==> dir [/run/current-system/sw/lib]
    arg [-L/nix/store/46m4xx889wlhsdj72j38fnlyyvvvvbyb-glibc-2.37-8/lib] ==> dir [/nix/store/46m4xx889wlhsdj72j38fnlyyvvvvbyb-glibc-2.37-8/lib]
    arg [-L/nix/store/b7hvml0m3qmqraz1022fwvyyg6fc1vdy-gcc-12.2.0/lib/gcc/x86_64-unknown-linux-gnu/12.2.0] ==> dir [/nix/store/b7hvml0m3qmqraz1022fwvyyg6fc1vdy-gcc-12.2.0/lib/gcc/x86_64-unknown-linux-gnu/12.2.0]
    arg [-L/nix/store/843dqq10jdkalr2yazaz6drx334visrb-gcc-12.2.0-lib/x86_64-unknown-linux-gnu/lib] ==> dir [/nix/store/843dqq10jdkalr2yazaz6drx334visrb-gcc-12.2.0-lib/x86_64-unknown-linux-gnu/lib]
    arg [-L/nix/store/843dqq10jdkalr2yazaz6drx334visrb-gcc-12.2.0-lib/lib] ==> dir [/nix/store/843dqq10jdkalr2yazaz6drx334visrb-gcc-12.2.0-lib/lib]
    arg [-L/nix/store/46m4xx889wlhsdj72j38fnlyyvvvvbyb-glibc-2.37-8/lib] ==> dir [/nix/store/46m4xx889wlhsdj72j38fnlyyvvvvbyb-glibc-2.37-8/lib]
    arg [-L/nix/store/843dqq10jdkalr2yazaz6drx334visrb-gcc-12.2.0-lib/lib] ==> dir [/nix/store/843dqq10jdkalr2yazaz6drx334visrb-gcc-12.2.0-lib/lib]
    arg [-L/nix/store/lcf37pgp3rgww67v9x2990hbfwx96c1w-gcc-wrapper-12.2.0/bin] ==> dir [/nix/store/lcf37pgp3rgww67v9x2990hbfwx96c1w-gcc-wrapper-12.2.0/bin]
    arg [-L/nix/store/b7hvml0m3qmqraz1022fwvyyg6fc1vdy-gcc-12.2.0/lib/gcc/x86_64-unknown-linux-gnu/12.2.0] ==> dir [/nix/store/b7hvml0m3qmqraz1022fwvyyg6fc1vdy-gcc-12.2.0/lib/gcc/x86_64-unknown-linux-gnu/12.2.0]
    arg [-L/nix/store/b7hvml0m3qmqraz1022fwvyyg6fc1vdy-gcc-12.2.0/lib/gcc/x86_64-unknown-linux-gnu/12.2.0/../../../../lib64] ==> dir [/nix/store/b7hvml0m3qmqraz1022fwvyyg6fc1vdy-gcc-12.2.0/lib/gcc/x86_64-unknown-linux-gnu/12.2.0/../../../../lib64]
    arg [-L/nix/store/b7hvml0m3qmqraz1022fwvyyg6fc1vdy-gcc-12.2.0/lib/gcc/x86_64-unknown-linux-gnu/12.2.0/../../..] ==> dir [/nix/store/b7hvml0m3qmqraz1022fwvyyg6fc1vdy-gcc-12.2.0/lib/gcc/x86_64-unknown-linux-gnu/12.2.0/../../..]
    arg [-dynamic-linker=/nix/store/46m4xx889wlhsdj72j38fnlyyvvvvbyb-glibc-2.37-8/lib/ld-linux-x86-64.so.2] ==> ignore
    arg [CMakeFiles/cmTC_cb041.dir/CMakeCXXCompilerABI.cpp.o] ==> ignore
    arg [-lstdc++] ==> lib [stdc++]
    arg [-lm] ==> lib [m]
    arg [-lgcc_s] ==> lib [gcc_s]
    arg [-lgcc] ==> lib [gcc]
    arg [-lc] ==> lib [c]
    arg [-lgcc_s] ==> lib [gcc_s]
    arg [-lgcc] ==> lib [gcc]
    arg [/nix/store/b7hvml0m3qmqraz1022fwvyyg6fc1vdy-gcc-12.2.0/lib/gcc/x86_64-unknown-linux-gnu/12.2.0/crtend.o] ==> ignore
    arg [/nix/store/46m4xx889wlhsdj72j38fnlyyvvvvbyb-glibc-2.37-8/lib/crtn.o] ==> ignore
  collapse library dir [/run/current-system/sw/lib] ==> [/run/current-system/sw/lib]
  collapse library dir [/nix/store/46m4xx889wlhsdj72j38fnlyyvvvvbyb-glibc-2.37-8/lib] ==> [/nix/store/46m4xx889wlhsdj72j38fnlyyvvvvbyb-glibc-2.37-8/lib]
  collapse library dir [/nix/store/b7hvml0m3qmqraz1022fwvyyg6fc1vdy-gcc-12.2.0/lib/gcc/x86_64-unknown-linux-gnu/12.2.0] ==> [/nix/store/b7hvml0m3qmqraz1022fwvyyg6fc1vdy-gcc-12.2.0/lib/gcc/x86_64-unknown-linux-gnu/12.2.0]
  collapse library dir [/nix/store/843dqq10jdkalr2yazaz6drx334visrb-gcc-12.2.0-lib/x86_64-unknown-linux-gnu/lib] ==> [/nix/store/843dqq10jdkalr2yazaz6drx334visrb-gcc-12.2.0-lib/x86_64-unknown-linux-gnu/lib]
  collapse library dir [/nix/store/843dqq10jdkalr2yazaz6drx334visrb-gcc-12.2.0-lib/lib] ==> [/nix/store/843dqq10jdkalr2yazaz6drx334visrb-gcc-12.2.0-lib/lib]
  collapse library dir [/nix/store/46m4xx889wlhsdj72j38fnlyyvvvvbyb-glibc-2.37-8/lib] ==> [/nix/store/46m4xx889wlhsdj72j38fnlyyvvvvbyb-glibc-2.37-8/lib]
  collapse library dir [/nix/store/843dqq10jdkalr2yazaz6drx334visrb-gcc-12.2.0-lib/lib] ==> [/nix/store/843dqq10jdkalr2yazaz6drx334visrb-gcc-12.2.0-lib/lib]
  collapse library dir [/nix/store/lcf37pgp3rgww67v9x2990hbfwx96c1w-gcc-wrapper-12.2.0/bin] ==> [/nix/store/lcf37pgp3rgww67v9x2990hbfwx96c1w-gcc-wrapper-12.2.0/bin]
  collapse library dir [/nix/store/b7hvml0m3qmqraz1022fwvyyg6fc1vdy-gcc-12.2.0/lib/gcc/x86_64-unknown-linux-gnu/12.2.0] ==> [/nix/store/b7hvml0m3qmqraz1022fwvyyg6fc1vdy-gcc-12.2.0/lib/gcc/x86_64-unknown-linux-gnu/12.2.0]
  collapse library dir [/nix/store/b7hvml0m3qmqraz1022fwvyyg6fc1vdy-gcc-12.2.0/lib/gcc/x86_64-unknown-linux-gnu/12.2.0/../../../../lib64] ==> [/nix/store/b7hvml0m3qmqraz1022fwvyyg6fc1vdy-gcc-12.2.0/lib64]
  collapse library dir [/nix/store/b7hvml0m3qmqraz1022fwvyyg6fc1vdy-gcc-12.2.0/lib/gcc/x86_64-unknown-linux-gnu/12.2.0/../../..] ==> [/nix/store/b7hvml0m3qmqraz1022fwvyyg6fc1vdy-gcc-12.2.0/lib]
  implicit libs: [stdc++;m;gcc_s;gcc;c;gcc_s;gcc]
  implicit dirs: [/run/current-system/sw/lib;/nix/store/46m4xx889wlhsdj72j38fnlyyvvvvbyb-glibc-2.37-8/lib;/nix/store/b7hvml0m3qmqraz1022fwvyyg6fc1vdy-gcc-12.2.0/lib/gcc/x86_64-unknown-linux-gnu/12.2.0;/nix/store/843dqq10jdkalr2yazaz6drx334visrb-gcc-12.2.0-lib/x86_64-unknown-linux-gnu/lib;/nix/store/843dqq10jdkalr2yazaz6drx334visrb-gcc-12.2.0-lib/lib;/nix/store/lcf37pgp3rgww67v9x2990hbfwx96c1w-gcc-wrapper-12.2.0/bin;/nix/store/b7hvml0m3qmqraz1022fwvyyg6fc1vdy-gcc-12.2.0/lib64;/nix/store/b7hvml0m3qmqraz1022fwvyyg6fc1vdy-gcc-12.2.0/lib]
  implicit fwks: []


